2021-01-31 13:35:36,832 [INFO] Activator:170 - 


2021-01-31 13:35:36,833 [INFO] Activator:171 - !SESSION log4j initialized
2021-01-31 13:36:18,259 [INFO] Activator:170 - 


2021-01-31 13:36:18,260 [INFO] Activator:171 - !SESSION log4j initialized
2021-02-01 20:04:01,151 [INFO] Activator:170 - 


2021-02-01 20:04:01,153 [INFO] Activator:171 - !SESSION log4j initialized
2021-02-02 09:07:09,119 [INFO] Activator:170 - 


2021-02-02 09:07:09,121 [INFO] Activator:171 - !SESSION log4j initialized
2021-02-04 15:02:13,866 [INFO] Activator:170 - 


2021-02-04 15:02:13,868 [INFO] Activator:171 - !SESSION log4j initialized
2021-02-24 21:23:36,659 [INFO] Activator:170 - 


2021-02-24 21:23:36,661 [INFO] Activator:171 - !SESSION log4j initialized
2021-02-24 21:33:11,374 [INFO] McuFinderGlobals:40 - Set McuFinder mode to 2 (CubeIDE integrated)
2021-02-24 21:33:11,603 [INFO] ApplicationProperties:181 - Using Application install path: C:\ST\STM32CubeIDE_1.5.1\STM32CubeIDE\plugins\com.st.stm32cube.common.mx_6.1.1.202012091304
2021-02-24 21:33:11,611 [INFO] DbMcusXml:71 - Set database path to: C:\ST\STM32CubeIDE_1.5.1\STM32CubeIDE\plugins\com.st.stm32cube.common.mx_6.1.1.202012091304\\db\/mcu/
2021-02-24 21:33:11,614 [INFO] DbBoardsPdsc:57 - Set plugin database path to: C:\ST\STM32CubeIDE_1.5.1\STM32CubeIDE\plugins\com.st.stm32cube.common.mx_6.1.1.202012091304\\db\/plugins/boardmanager/
2021-02-24 21:33:11,614 [INFO] DbMcus:259 - Set plugin images path to: C:\ST\STM32CubeIDE_1.5.1\STM32CubeIDE\plugins\com.st.stm32cube.common.mx_6.1.1.202012091304\\db\/plugins/mcufinder/images/
2021-02-24 21:33:11,614 [INFO] DbBoards:265 - Set plugin images path to: C:\ST\STM32CubeIDE_1.5.1\STM32CubeIDE\plugins\com.st.stm32cube.common.mx_6.1.1.202012091304\\db\/plugins/mcufinder/images/
2021-02-24 21:33:11,616 [INFO] DbExamples:329 - Set plugin images path to: C:\ST\STM32CubeIDE_1.5.1\STM32CubeIDE\plugins\com.st.stm32cube.common.mx_6.1.1.202012091304\\db\/plugins/mcufinder/images/
2021-02-24 21:33:11,622 [INFO] DbMcusDocs:112 - Set database path to: C:\Users\sharm\.stmcufinder\plugins\mcufinder//mcu/
2021-02-24 21:33:11,623 [INFO] DbMcusJson:63 - Set database path to: C:\Users\sharm\.stmcufinder\plugins\mcufinder//mcu/
2021-02-24 21:33:11,623 [INFO] DbBoardsDocs:112 - Set database path to: C:\Users\sharm\.stmcufinder\plugins\mcufinder//mcu/
2021-02-24 21:33:11,624 [INFO] DbBoardsJson:56 - Set database path to: C:\Users\sharm\.stmcufinder\plugins\mcufinder//mcu/
2021-02-24 21:33:11,773 [INFO] CrossReferenceDbSqlite:196 - Set database path to: C:\Users\sharm\.stmcufinder\plugins\mcufinder//mcu/cs/
2021-02-24 21:33:11,776 [INFO] DbExamplesSqlite:699 - Set database path to: C:\Users\sharm\.stmcufinder\plugins\mcufinder//mcu/
2021-02-24 21:33:11,867 [INFO] RulesReader:52 - Compatibility file has been processed (228 Rules)
2021-02-24 21:33:11,928 [INFO] MicroXplorer:565 - Detected Java Version = 1.8.0_272
2021-02-24 21:33:11,928 [INFO] DbMcusXml:71 - Set database path to: C:\ST\STM32CubeIDE_1.5.1\STM32CubeIDE\plugins\com.st.stm32cube.common.mx_6.1.1.202012091304\\db\/mcu/
2021-02-24 21:33:11,929 [INFO] DbBoardsPdsc:57 - Set plugin database path to: C:\ST\STM32CubeIDE_1.5.1\STM32CubeIDE\plugins\com.st.stm32cube.common.mx_6.1.1.202012091304\\db\/plugins/boardmanager/
2021-02-24 21:33:11,929 [INFO] DbMcus:259 - Set plugin images path to: C:\ST\STM32CubeIDE_1.5.1\STM32CubeIDE\plugins\com.st.stm32cube.common.mx_6.1.1.202012091304\\db\/plugins/mcufinder/images/
2021-02-24 21:33:11,929 [INFO] DbBoards:265 - Set plugin images path to: C:\ST\STM32CubeIDE_1.5.1\STM32CubeIDE\plugins\com.st.stm32cube.common.mx_6.1.1.202012091304\\db\/plugins/mcufinder/images/
2021-02-24 21:33:11,929 [INFO] DbExamples:329 - Set plugin images path to: C:\ST\STM32CubeIDE_1.5.1\STM32CubeIDE\plugins\com.st.stm32cube.common.mx_6.1.1.202012091304\\db\/plugins/mcufinder/images/
2021-02-24 21:33:11,929 [WARN] DbFile:36 - Overriding database path with different value: C:\Users\sharm\.stmcufinder\plugins\mcufinder/ => C:\Users\sharm\.stmcufinder\plugins\mcufinder
2021-02-24 21:33:11,930 [INFO] DbMcusDocs:112 - Set database path to: C:\Users\sharm\.stmcufinder\plugins\mcufinder//mcu/
2021-02-24 21:33:11,930 [WARN] DbFile:36 - Overriding database path with different value: C:\Users\sharm\.stmcufinder\plugins\mcufinder/ => C:\Users\sharm\.stmcufinder\plugins\mcufinder
2021-02-24 21:33:11,930 [INFO] DbMcusJson:63 - Set database path to: C:\Users\sharm\.stmcufinder\plugins\mcufinder//mcu/
2021-02-24 21:33:11,930 [WARN] DbFile:36 - Overriding database path with different value: C:\Users\sharm\.stmcufinder\plugins\mcufinder/ => C:\Users\sharm\.stmcufinder\plugins\mcufinder
2021-02-24 21:33:11,930 [INFO] DbBoardsDocs:112 - Set database path to: C:\Users\sharm\.stmcufinder\plugins\mcufinder//mcu/
2021-02-24 21:33:11,930 [WARN] DbFile:36 - Overriding database path with different value: C:\Users\sharm\.stmcufinder\plugins\mcufinder/ => C:\Users\sharm\.stmcufinder\plugins\mcufinder
2021-02-24 21:33:11,930 [INFO] DbBoardsJson:56 - Set database path to: C:\Users\sharm\.stmcufinder\plugins\mcufinder//mcu/
2021-02-24 21:33:11,930 [WARN] DbFile:36 - Overriding database path with different value: C:\Users\sharm\.stmcufinder\plugins\mcufinder/ => C:\Users\sharm\.stmcufinder\plugins\mcufinder
2021-02-24 21:33:11,930 [WARN] DbFile:36 - Overriding database path with different value: C:\Users\sharm\.stmcufinder\plugins\mcufinder/ => C:\Users\sharm\.stmcufinder\plugins\mcufinder
2021-02-24 21:33:11,930 [INFO] CrossReferenceDbSqlite:196 - Set database path to: C:\Users\sharm\.stmcufinder\plugins\mcufinder//mcu/cs/
2021-02-24 21:33:11,931 [WARN] DbFile:36 - Overriding database path with different value: C:\Users\sharm\.stmcufinder\plugins\mcufinder/ => C:\Users\sharm\.stmcufinder\plugins\mcufinder
2021-02-24 21:33:11,931 [INFO] DbExamplesSqlite:699 - Set database path to: C:\Users\sharm\.stmcufinder\plugins\mcufinder//mcu/
2021-02-24 21:33:11,980 [INFO] MainPanel:190 - HeapMemory: 351272960
2021-02-24 21:33:12,032 [INFO] DbMcusXml:71 - Set database path to: C:\ST\STM32CubeIDE_1.5.1\STM32CubeIDE\plugins\com.st.stm32cube.common.mx_6.1.1.202012091304\\db\/mcu/
2021-02-24 21:33:12,033 [INFO] DbBoardsPdsc:57 - Set plugin database path to: C:\ST\STM32CubeIDE_1.5.1\STM32CubeIDE\plugins\com.st.stm32cube.common.mx_6.1.1.202012091304\\db\/plugins/boardmanager/
2021-02-24 21:33:12,033 [INFO] DbMcus:259 - Set plugin images path to: C:\ST\STM32CubeIDE_1.5.1\STM32CubeIDE\plugins\com.st.stm32cube.common.mx_6.1.1.202012091304\\db\/plugins/mcufinder/images/
2021-02-24 21:33:12,033 [INFO] DbBoards:265 - Set plugin images path to: C:\ST\STM32CubeIDE_1.5.1\STM32CubeIDE\plugins\com.st.stm32cube.common.mx_6.1.1.202012091304\\db\/plugins/mcufinder/images/
2021-02-24 21:33:12,033 [INFO] DbExamples:329 - Set plugin images path to: C:\ST\STM32CubeIDE_1.5.1\STM32CubeIDE\plugins\com.st.stm32cube.common.mx_6.1.1.202012091304\\db\/plugins/mcufinder/images/
2021-02-24 21:33:12,033 [WARN] DbFile:36 - Overriding database path with different value: C:\Users\sharm\.stmcufinder\plugins\mcufinder/ => C:\Users\sharm\.stmcufinder\plugins\mcufinder
2021-02-24 21:33:12,033 [INFO] DbMcusDocs:112 - Set database path to: C:\Users\sharm\.stmcufinder\plugins\mcufinder//mcu/
2021-02-24 21:33:12,033 [WARN] DbFile:36 - Overriding database path with different value: C:\Users\sharm\.stmcufinder\plugins\mcufinder/ => C:\Users\sharm\.stmcufinder\plugins\mcufinder
2021-02-24 21:33:12,033 [INFO] DbMcusJson:63 - Set database path to: C:\Users\sharm\.stmcufinder\plugins\mcufinder//mcu/
2021-02-24 21:33:12,034 [WARN] DbFile:36 - Overriding database path with different value: C:\Users\sharm\.stmcufinder\plugins\mcufinder/ => C:\Users\sharm\.stmcufinder\plugins\mcufinder
2021-02-24 21:33:12,034 [INFO] DbBoardsDocs:112 - Set database path to: C:\Users\sharm\.stmcufinder\plugins\mcufinder//mcu/
2021-02-24 21:33:12,034 [WARN] DbFile:36 - Overriding database path with different value: C:\Users\sharm\.stmcufinder\plugins\mcufinder/ => C:\Users\sharm\.stmcufinder\plugins\mcufinder
2021-02-24 21:33:12,034 [INFO] DbBoardsJson:56 - Set database path to: C:\Users\sharm\.stmcufinder\plugins\mcufinder//mcu/
2021-02-24 21:33:12,034 [WARN] DbFile:36 - Overriding database path with different value: C:\Users\sharm\.stmcufinder\plugins\mcufinder/ => C:\Users\sharm\.stmcufinder\plugins\mcufinder
2021-02-24 21:33:12,034 [WARN] DbFile:36 - Overriding database path with different value: C:\Users\sharm\.stmcufinder\plugins\mcufinder/ => C:\Users\sharm\.stmcufinder\plugins\mcufinder
2021-02-24 21:33:12,034 [INFO] CrossReferenceDbSqlite:196 - Set database path to: C:\Users\sharm\.stmcufinder\plugins\mcufinder//mcu/cs/
2021-02-24 21:33:12,034 [WARN] DbFile:36 - Overriding database path with different value: C:\Users\sharm\.stmcufinder\plugins\mcufinder/ => C:\Users\sharm\.stmcufinder\plugins\mcufinder
2021-02-24 21:33:12,034 [INFO] DbExamplesSqlite:699 - Set database path to: C:\Users\sharm\.stmcufinder\plugins\mcufinder//mcu/
2021-02-24 21:33:12,049 [INFO] ApplicationProperties:181 - Using Application install path: C:\ST\STM32CubeIDE_1.5.1\STM32CubeIDE\plugins\com.st.stm32cube.common.mx_6.1.1.202012091304
2021-02-24 21:33:12,050 [INFO] PluginManage:178 - Search for loadable plugins [exclusion list=, ]
2021-02-24 21:33:12,051 [INFO] PluginManage:292 - Check plugin analytics
2021-02-24 21:33:16,675 [INFO] AnalyticsPlugin:225 - Accepted Software Licenses: 
2021-02-24 21:33:16,675 [INFO] AnalyticsPlugin:227 - Accepted CMSIS Pack Licenses: 
2021-02-24 21:33:16,675 [INFO] AnalyticsPlugin:229 - Accepted Firmware Licenses: 
2021-02-24 21:33:16,676 [INFO] PluginManage:342 - Loaded plugin analytics (category:tool,tabindex:-1)
2021-02-24 21:33:16,676 [INFO] PluginManage:292 - Check plugin clock
2021-02-24 21:33:16,723 [INFO] PluginManage:342 - Loaded plugin clock (category:base,tabindex:2)
2021-02-24 21:33:16,723 [INFO] PluginManage:292 - Check plugin ddr
2021-02-24 21:33:16,725 [INFO] PluginManage:342 - Loaded plugin ddr (category:tool,tabindex:6)
2021-02-24 21:33:16,725 [INFO] PluginManage:292 - Check plugin filemanager
2021-02-24 21:33:16,812 [INFO] PluginManage:342 - Loaded plugin filemanager (category:base,tabindex:10)
2021-02-24 21:33:16,812 [INFO] PluginManage:292 - Check plugin ipmanager
2021-02-24 21:33:16,818 [INFO] PluginManage:342 - Loaded plugin ipmanager (category:base,tabindex:5)
2021-02-24 21:33:16,818 [INFO] PluginManage:292 - Check plugin pinoutandconfiguration
2021-02-24 21:33:16,848 [INFO] PluginManage:342 - Loaded plugin pinoutandconfiguration (category:base,tabindex:1)
2021-02-24 21:33:16,848 [INFO] PluginManage:292 - Check plugin pinoutconfig
2021-02-24 21:33:16,889 [INFO] PluginManage:342 - Loaded plugin pinoutconfig (category:base,tabindex:0)
2021-02-24 21:33:16,889 [INFO] PluginManage:292 - Check plugin power
2021-02-24 21:33:16,915 [INFO] PluginManage:342 - Loaded plugin power (category:power,tabindex:4)
2021-02-24 21:33:16,915 [INFO] PluginManage:292 - Check plugin projectmanager
2021-02-24 21:33:16,925 [INFO] PluginManage:342 - Loaded plugin projectmanager (category:projectmanager,tabindex:3)
2021-02-24 21:33:16,925 [INFO] PluginManage:292 - Check plugin thirdparty
2021-02-24 21:33:17,031 [INFO] PluginManage:342 - Loaded plugin thirdparty (category:base,tabindex:-1)
2021-02-24 21:33:17,031 [WARN] IntegrityCheckThread:59 - waiting for thirdparty lock release [integrity check]
2021-02-24 21:33:17,031 [INFO] PluginManage:292 - Check plugin tools
2021-02-24 21:33:17,031 [INFO] IntegrityCheckThread:61 - entering critical section [integrity check]
2021-02-24 21:33:17,032 [INFO] ThirdPartyUpdaterWithRetryManager:56 - Updater plugin not ready yet. [1/15]
2021-02-24 21:33:17,035 [INFO] PluginManage:342 - Loaded plugin tools (category:base,tabindex:7)
2021-02-24 21:33:17,035 [INFO] PluginManage:292 - Check plugin tutovideos
2021-02-24 21:33:17,199 [INFO] PluginManage:342 - Loaded plugin tutovideos (category:base,tabindex:-1)
2021-02-24 21:33:17,199 [INFO] PluginManage:292 - Check plugin updater
2021-02-24 21:33:17,208 [INFO] PluginManage:342 - Loaded plugin updater (category:base,tabindex:12)
2021-02-24 21:33:17,208 [INFO] PluginManage:265 - PluginManage : Loaded plugins [13]
2021-02-24 21:33:17,328 [INFO] PinOutPanel:1434 - setPackage(No Configuration,No Configuration)
2021-02-24 21:33:17,428 [INFO] IPUIPlugin:64 - create IPUIPlugin
2021-02-24 21:33:17,429 [INFO] PluginManager:203 - loadIPPluginJar : add adc
2021-02-24 21:33:17,432 [INFO] IPUIPlugin:64 - create IPUIPlugin
2021-02-24 21:33:17,432 [INFO] PluginManager:203 - loadIPPluginJar : add aes
2021-02-24 21:33:17,436 [INFO] IPUIPlugin:64 - create IPUIPlugin
2021-02-24 21:33:17,436 [INFO] PluginManager:203 - loadIPPluginJar : add can
2021-02-24 21:33:17,439 [INFO] IPUIPlugin:64 - create IPUIPlugin
2021-02-24 21:33:17,439 [INFO] PluginManager:203 - loadIPPluginJar : add comp
2021-02-24 21:33:17,442 [INFO] IPUIPlugin:64 - create IPUIPlugin
2021-02-24 21:33:17,443 [INFO] PluginManager:203 - loadIPPluginJar : add cryp
2021-02-24 21:33:17,446 [INFO] IPUIPlugin:64 - create IPUIPlugin
2021-02-24 21:33:17,446 [INFO] PluginManager:203 - loadIPPluginJar : add dfsdm
2021-02-24 21:33:17,455 [INFO] IPUIPlugin:64 - create IPUIPlugin
2021-02-24 21:33:17,456 [INFO] PluginManager:203 - loadIPPluginJar : add dma
2021-02-24 21:33:17,458 [INFO] IPUIPlugin:64 - create IPUIPlugin
2021-02-24 21:33:17,458 [INFO] PluginManager:203 - loadIPPluginJar : add fatfs
2021-02-24 21:33:17,464 [INFO] IPUIPlugin:64 - create IPUIPlugin
2021-02-24 21:33:17,464 [INFO] PluginManager:203 - loadIPPluginJar : add fmc
2021-02-24 21:33:17,490 [INFO] IPUIPlugin:64 - create IPUIPlugin
2021-02-24 21:33:17,491 [INFO] PluginManager:203 - loadIPPluginJar : add freertos
2021-02-24 21:33:17,493 [INFO] IPUIPlugin:64 - create IPUIPlugin
2021-02-24 21:33:17,493 [INFO] PluginManager:203 - loadIPPluginJar : add genericplugin
2021-02-24 21:33:17,499 [INFO] IPUIPlugin:64 - create IPUIPlugin
2021-02-24 21:33:17,499 [INFO] PluginManager:203 - loadIPPluginJar : add gfxmmu
2021-02-24 21:33:17,508 [INFO] IPUIPlugin:64 - create IPUIPlugin
2021-02-24 21:33:17,509 [INFO] PluginManager:203 - loadIPPluginJar : add gic
2021-02-24 21:33:17,523 [INFO] IPUIPlugin:64 - create IPUIPlugin
2021-02-24 21:33:17,523 [INFO] PluginManager:203 - loadIPPluginJar : add gpio
2021-02-24 21:33:17,527 [INFO] IPUIPlugin:64 - create IPUIPlugin
2021-02-24 21:33:17,527 [INFO] PluginManager:203 - loadIPPluginJar : add gtzc
2021-02-24 21:33:17,530 [INFO] IPUIPlugin:64 - create IPUIPlugin
2021-02-24 21:33:17,530 [INFO] PluginManager:203 - loadIPPluginJar : add hash
2021-02-24 21:33:17,534 [INFO] IPUIPlugin:64 - create IPUIPlugin
2021-02-24 21:33:17,534 [INFO] PluginManager:203 - loadIPPluginJar : add i2c
2021-02-24 21:33:17,538 [INFO] IPUIPlugin:64 - create IPUIPlugin
2021-02-24 21:33:17,538 [INFO] PluginManager:203 - loadIPPluginJar : add i2s
2021-02-24 21:33:17,544 [INFO] IPUIPlugin:64 - create IPUIPlugin
2021-02-24 21:33:17,544 [INFO] PluginManager:203 - loadIPPluginJar : add ipddr
2021-02-24 21:33:17,547 [INFO] IPUIPlugin:64 - create IPUIPlugin
2021-02-24 21:33:17,547 [INFO] PluginManager:203 - loadIPPluginJar : add lorawan
2021-02-24 21:33:17,550 [INFO] IPUIPlugin:64 - create IPUIPlugin
2021-02-24 21:33:17,550 [INFO] PluginManager:203 - loadIPPluginJar : add ltdc
2021-02-24 21:33:17,559 [INFO] IPUIPlugin:64 - create IPUIPlugin
2021-02-24 21:33:17,559 [INFO] PluginManager:203 - loadIPPluginJar : add mdma
2021-02-24 21:33:17,571 [INFO] IPUIPlugin:64 - create IPUIPlugin
2021-02-24 21:33:17,572 [INFO] PluginManager:203 - loadIPPluginJar : add nvic
2021-02-24 21:33:17,575 [INFO] IPUIPlugin:64 - create IPUIPlugin
2021-02-24 21:33:17,575 [INFO] PluginManager:203 - loadIPPluginJar : add opamp
2021-02-24 21:33:17,580 [INFO] IPUIPlugin:64 - create IPUIPlugin
2021-02-24 21:33:17,580 [INFO] PluginManager:203 - loadIPPluginJar : add openamp
2021-02-24 21:33:17,583 [INFO] IPUIPlugin:64 - create IPUIPlugin
2021-02-24 21:33:17,583 [INFO] PluginManager:203 - loadIPPluginJar : add pdm2pcm
2021-02-24 21:33:17,596 [INFO] IPUIPlugin:64 - create IPUIPlugin
2021-02-24 21:33:17,598 [INFO] PluginManager:203 - loadIPPluginJar : add plateformsettings
2021-02-24 21:33:17,601 [INFO] IPUIPlugin:64 - create IPUIPlugin
2021-02-24 21:33:17,601 [INFO] PluginManager:203 - loadIPPluginJar : add quadspi
2021-02-24 21:33:17,629 [INFO] IPUIPlugin:64 - create IPUIPlugin
2021-02-24 21:33:17,629 [INFO] PluginManager:203 - loadIPPluginJar : add resmgrutility
2021-02-24 21:33:17,634 [INFO] IPUIPlugin:64 - create IPUIPlugin
2021-02-24 21:33:17,635 [INFO] PluginManager:203 - loadIPPluginJar : add sai
2021-02-24 21:33:17,639 [INFO] IPUIPlugin:64 - create IPUIPlugin
2021-02-24 21:33:17,640 [INFO] PluginManager:203 - loadIPPluginJar : add spi
2021-02-24 21:33:17,645 [INFO] IPUIPlugin:64 - create IPUIPlugin
2021-02-24 21:33:17,645 [INFO] PluginManager:203 - loadIPPluginJar : add stm32_wpan
2021-02-24 21:33:17,648 [INFO] IPUIPlugin:64 - create IPUIPlugin
2021-02-24 21:33:17,648 [INFO] PluginManager:203 - loadIPPluginJar : add tim
2021-02-24 21:33:17,653 [INFO] IPUIPlugin:64 - create IPUIPlugin
2021-02-24 21:33:17,653 [INFO] PluginManager:203 - loadIPPluginJar : add touchsensing
2021-02-24 21:33:17,656 [INFO] IPUIPlugin:64 - create IPUIPlugin
2021-02-24 21:33:17,656 [INFO] PluginManager:203 - loadIPPluginJar : add tracer_emb
2021-02-24 21:33:17,659 [INFO] IPUIPlugin:64 - create IPUIPlugin
2021-02-24 21:33:17,659 [INFO] PluginManager:203 - loadIPPluginJar : add ts
2021-02-24 21:33:17,662 [INFO] IPUIPlugin:64 - create IPUIPlugin
2021-02-24 21:33:17,662 [INFO] PluginManager:203 - loadIPPluginJar : add tsc
2021-02-24 21:33:17,664 [INFO] IPUIPlugin:64 - create IPUIPlugin
2021-02-24 21:33:17,664 [INFO] PluginManager:203 - loadIPPluginJar : add ucpd
2021-02-24 21:33:17,668 [INFO] IPUIPlugin:64 - create IPUIPlugin
2021-02-24 21:33:17,668 [INFO] PluginManager:203 - loadIPPluginJar : add usart
2021-02-24 21:33:17,888 [FATAL] Updater:284 - Updater called before beeing initialized
2021-02-24 21:33:17,962 [FATAL] Updater:284 - Updater called before beeing initialized
2021-02-24 21:33:18,017 [WARN] DetailPanel:347 - Failed to get advertising image, set to default
2021-02-24 21:33:18,019 [FATAL] Updater:284 - Updater called before beeing initialized
2021-02-24 21:33:18,019 [WARN] DetailPanel:347 - Failed to get advertising image, set to default
2021-02-24 21:33:18,047 [FATAL] Updater:284 - Updater called before beeing initialized
2021-02-24 21:33:18,047 [WARN] ThirdParty:783 - waiting for thirdparty lock release [close project]
2021-02-24 21:33:20,034 [INFO] ThirdPartyUpdaterWithRetryManager:56 - Updater plugin not ready yet. [2/15]
2021-02-24 21:33:23,039 [FATAL] Updater:284 - Updater called before beeing initialized
2021-02-24 21:33:23,039 [ERROR] AbstractThirdPartyUpdaterManager:153 - java.lang.Integer cannot be cast to java.util.List
2021-02-24 21:33:23,039 [INFO] ThirdParty:887 - Integrity check success = false
2021-02-24 21:33:23,039 [INFO] IntegrityCheckThread:75 - exiting critical section [integrity check]
2021-02-24 21:33:23,039 [INFO] IntegrityCheckThread:78 - End integrity checks thread
2021-02-24 21:33:23,039 [INFO] ThirdParty:785 - entering critical section [close project]
2021-02-24 21:33:23,040 [INFO] ThirdParty:796 - exiting critical section [close project]
2021-02-24 21:33:23,042 [INFO] PinOutPanel:1434 - setPackage(No Configuration,No Configuration)
2021-02-24 21:33:23,042 [FATAL] Updater:284 - Updater called before beeing initialized
2021-02-24 21:33:23,048 [ERROR] Updater:1065 - MainUpdater not yet initialized. External WinMGr cannot be set.
2021-02-24 21:33:23,050 [INFO] Updater:1002 - Updater Version found : 6.1.1
2021-02-24 21:33:23,066 [INFO] ApplicationProperties:181 - Using Application install path: C:\ST\STM32CubeIDE_1.5.1\STM32CubeIDE\plugins\com.st.stm32cube.common.mx_6.1.1.202012091304
2021-02-24 21:33:23,271 [INFO] MainUpdater:2644 - connection check result : 10
2021-02-24 21:33:23,271 [INFO] MainUpdater:3332 - Updater definition file requires update
2021-02-24 21:33:23,272 [INFO] MainUpdater:249 - Updater Check For Update Now.
2021-02-24 21:33:23,272 [INFO] MicroXplorer:415 - Change Database Version : DB.6.0.10
2021-02-24 21:33:23,423 [INFO] ServerAccessManage:348 - Download File updaters.zip
2021-02-24 21:33:23,493 [INFO] FileExtend:225 - Unzip File : updaters.zip
2021-02-24 21:33:23,493 [INFO] FileExtend:240 - Standard Zip Deflate
2021-02-24 21:33:23,998 [INFO] ServerAccessManage:348 - Download File PacksControlFlags.xml
2021-02-24 21:33:24,148 [INFO] ServerAccessManage:348 - Download File cubemx.pidx
2021-02-24 21:33:24,205 [INFO] LoadServerUpdatesThread:329 - End of LoadServerUpdate Thread
2021-02-24 21:33:24,222 [INFO] CheckServerUpdateThread:102 - End of CheckServer Thread
2021-02-24 21:33:24,273 [INFO] MainUpdater:2644 - connection check result : 10
2021-02-24 21:33:24,599 [INFO] CrossSelectorPresenter:1330 - Cross Selector saved comparison directory: C:\Users\sharm\.stmcufinder\plugins\mcufinder\mcu\cs_comparisons_mx
2021-02-24 21:33:24,603 [INFO] MultiScanPanel:198 - Auto-refresh data requested => check proxy status ongoing
2021-02-24 21:33:24,606 [INFO] FinderPluginLoader:87 - Searching for filters in installed packs
2021-02-24 21:33:24,607 [INFO] DbMcusXml:97 - Load MCU database from C:\ST\STM32CubeIDE_1.5.1\STM32CubeIDE\plugins\com.st.stm32cube.common.mx_6.1.1.202012091304\\db\/mcu/families.xml
2021-02-24 21:33:25,160 [INFO] DbMcusJson:92 - JSON generation date=Thu Nov 05 11:05:07 EST 2020 (1604592307)
2021-02-24 21:33:25,636 [INFO] DbMcus:176 - Found 1835 MCUs (1796 are supported by CubeMX, 1796 are visible in CubeMX)
2021-02-24 21:33:25,637 [INFO] ApiDb:238 - Load user favorites file C:\Users\sharm/.stm32cubeide/favorites.mcus.txt: 0 item(s)
2021-02-24 21:33:25,637 [INFO] ApiDb:242 - User favorites MCUs=[]
2021-02-24 21:33:25,637 [INFO] DbMcus:188 - Set 0 / 0 favorites MCUs
2021-02-24 21:33:25,894 [WARN] DetailPanel:347 - Failed to get advertising image, set to default
2021-02-24 21:33:26,048 [INFO] McuFilterPanel:245 - Update 0 favorites MCUs
2021-02-24 21:33:26,092 [INFO] DbBoardsPdsc:91 - Found 24 items
2021-02-24 21:33:26,094 [INFO] DbBoardsPdsc:91 - Found 9 items
2021-02-24 21:33:26,097 [INFO] DbBoardsPdsc:91 - Found 32 items
2021-02-24 21:33:26,099 [INFO] DbBoardsPdsc:91 - Found 1 items
2021-02-24 21:33:26,105 [INFO] DbBoardsPdsc:91 - Found 45 items
2021-02-24 21:33:26,110 [INFO] DbBoardsPdsc:91 - Found 41 items
2021-02-24 21:33:26,112 [INFO] DbBoardsPdsc:91 - Found 2 items
2021-02-24 21:33:26,114 [INFO] DbBoardsPdsc:91 - Found 4 items
2021-02-24 21:33:26,117 [WARN] DbBoardsPdsc:255 - Board STM32H7B3I-DK: unknown feature type=Audio, name=, username=Audio stereo codec with Headphone Amp (CS42L51-CNZ), n=1
2021-02-24 21:33:26,117 [WARN] DbBoardsPdsc:255 - Board STM32H735G-DK: unknown feature type=Audio, name=, username=Audio stereo codec with Headphone Amp (WM8994ECS/R), n=1
2021-02-24 21:33:26,118 [WARN] DbBoardsPdsc:255 - Board STM32H7B3I-EVAL: unknown feature type=Audio, name=, username=Multi-Channel Audio Codec (CS42L51-CNZ), n=1
2021-02-24 21:33:26,118 [WARN] DbBoardsPdsc:255 - Board STM32H7B3I-EVAL: unknown feature type=Meter, name=, username=Power-metering and Temperature-monitoring with sigma-delta modulators, n=1
2021-02-24 21:33:26,119 [WARN] DbBoardsPdsc:255 - Board STM32H7B3I-EVAL: unknown feature type=Motor, name=, username=Motor Control, n=1
2021-02-24 21:33:26,132 [INFO] DbBoardsJson:85 - JSON generation date=Thu Nov 05 09:55:26 EST 2020 (1604588126)
2021-02-24 21:33:26,135 [INFO] DbBoards:118 - Found 158 boards (155 are supported by CubeMX)
2021-02-24 21:33:26,147 [INFO] DbBoardsDocs:145 - JSON generation date=Thu Nov 05 11:05:07 EST 2020 (1604592307)
2021-02-24 21:33:26,159 [INFO] DbBoardsDocs:81 - Found 190 boards documents
2021-02-24 21:33:26,159 [WARN] DbBoards:128 - board B-L462E-CELL1 has no document id list !
2021-02-24 21:33:26,159 [WARN] DbBoards:128 - board B-L475E-IOT01A2 has no document id list !
2021-02-24 21:33:26,160 [WARN] DbBoards:128 - board NUCLEO-G0B1RE has no document id list !
2021-02-24 21:33:26,160 [WARN] DbBoards:128 - board NUCLEO-G491RE has no document id list !
2021-02-24 21:33:26,160 [WARN] DbBoards:128 - board NUCLEO-H743ZI2 has no document id list !
2021-02-24 21:33:26,161 [WARN] DbBoards:128 - board NUCLEO-L4A6ZG has no document id list !
2021-02-24 21:33:26,161 [WARN] DbBoards:128 - board NUCLEO-WB55RG has no document id list !
2021-02-24 21:33:26,161 [WARN] DbBoards:128 - board NUCLEO-WL55JC1 has no document id list !
2021-02-24 21:33:26,161 [WARN] DbBoards:128 - board NUCLEO-WL55JC2 has no document id list !
2021-02-24 21:33:26,161 [WARN] DbBoards:128 - board P-NUCLEO-WB55-Nucleo has no document id list !
2021-02-24 21:33:26,161 [WARN] DbBoards:128 - board P-NUCLEO-WB55-USBDongle has no document id list !
2021-02-24 21:33:26,161 [WARN] DbBoards:128 - board STEVAL-BFA001V1B has no document id list !
2021-02-24 21:33:26,161 [WARN] DbBoards:128 - board STEVAL-BFA001V2B has no document id list !
2021-02-24 21:33:26,161 [WARN] DbBoards:128 - board STEVAL-IDP005V1 has no document id list !
2021-02-24 21:33:26,161 [WARN] DbBoards:128 - board STEVAL-IDP005V2 has no document id list !
2021-02-24 21:33:26,161 [WARN] DbBoards:128 - board STEVAL-MKSBOX1V1 has no document id list !
2021-02-24 21:33:26,161 [WARN] DbBoards:128 - board STEVAL-STWINKT1 has no document id list !
2021-02-24 21:33:26,162 [WARN] DbBoards:128 - board STM32F401C-DISCO has no document id list !
2021-02-24 21:33:26,162 [WARN] DbBoards:128 - board STM32F769I-DISC1 has no document id list !
2021-02-24 21:33:26,162 [WARN] DbBoards:128 - board STM32G0C1E-EV has no document id list !
2021-02-24 21:33:26,162 [WARN] DbBoards:128 - board STM32G474E-EVAL1 has no document id list !
2021-02-24 21:33:26,163 [WARN] DbBoards:128 - board STM32H743I-EVAL2 has no document id list !
2021-02-24 21:33:26,163 [WARN] DbBoards:128 - board STM32H747I-DISC1 has no document id list !
2021-02-24 21:33:26,163 [WARN] DbBoards:128 - board STM32H753I-EVAL2 has no document id list !
2021-02-24 21:33:26,163 [WARN] DbBoards:128 - board STM32L-DISCOVERY has no document id list !
2021-02-24 21:33:26,163 [WARN] DbBoards:128 - board STM32MP157A-DK1 has no document id list !
2021-02-24 21:33:26,163 [WARN] DbBoards:128 - board STM32MP157F-DK2 has no document id list !
2021-02-24 21:33:26,164 [WARN] DbBoards:128 - board STM32MP157F-EV1 has no document id list !
2021-02-24 21:33:26,951 [INFO] ApiDb:238 - Load user favorites file C:\Users\sharm/.stm32cubeide/favorites.boards.txt: 0 item(s)
2021-02-24 21:33:26,951 [INFO] ApiDb:242 - User favorites Boards=[]
2021-02-24 21:33:26,951 [INFO] DbBoards:207 - Set 0 / 0 favorites Boards
2021-02-24 21:35:14,126 [INFO] DbMcusDocs:145 - JSON generation date=Thu Nov 05 11:05:07 EST 2020 (1604592307)
2021-02-24 21:35:14,217 [INFO] DbMcusDocs:81 - Found 601 MCUs documents
2021-02-24 21:35:14,292 [INFO] MultiScanPanel:198 - Auto-refresh data requested => check proxy status ongoing
2021-02-24 21:35:14,320 [WARN] DetailPanel:347 - Failed to get advertising image, set to default
2021-02-24 21:35:14,330 [INFO] BoardFilterPanel:214 - Update 0 favorites Boards
2021-02-24 21:35:32,621 [INFO] MainUpdater:2644 - connection check result : 10
2021-02-24 21:35:32,621 [INFO] MainUpdater:2644 - connection check result : 10
2021-02-24 21:35:32,644 [INFO] MicroXplorer:385 - Change Database Path : 
2021-02-24 21:35:32,644 [INFO] MicroXplorer:415 - Change Database Version : DB.6.0.10
2021-02-24 21:35:32,644 [WARN] ThirdParty:783 - waiting for thirdparty lock release [close project]
2021-02-24 21:35:32,644 [INFO] ThirdParty:785 - entering critical section [close project]
2021-02-24 21:35:32,644 [INFO] ThirdParty:796 - exiting critical section [close project]
2021-02-24 21:35:32,645 [INFO] PinOutPanel:1434 - setPackage(No Configuration,No Configuration)
2021-02-24 21:35:32,646 [INFO] UtilMem:74 - Begin LoadConfig() Used Memory: 569984104 Bytes (877658112)
2021-02-24 21:35:32,646 [INFO] OpenFileManager:274 - Change cursor
2021-02-24 21:35:32,647 [WARN] ThirdParty:204 - Use empty third party IP manager
2021-02-24 21:35:32,659 [WARN] IntegrityCheckThread:59 - waiting for thirdparty lock release [integrity check]
2021-02-24 21:35:32,659 [INFO] IntegrityCheckThread:61 - entering critical section [integrity check]
2021-02-24 21:35:32,685 [WARN] ConditionMgr:437 - getConditionDescription Invalid condition id : SIGFOX STM32 LIB Condition cause : null
2021-02-24 21:35:32,692 [WARN] ConditionMgr:437 - getConditionDescription Invalid condition id : Sigfox Third Party LIB Condition cause : null
2021-02-24 21:35:32,695 [WARN] ConditionMgr:1040 - genDependencies : Invalid condition id : SIGFOX STM32 LIB Condition cause : null
2021-02-24 21:35:32,695 [WARN] ConditionMgr:1040 - genDependencies : Invalid condition id : Sigfox Third Party LIB Condition cause : null
2021-02-24 21:35:32,696 [WARN] ConditionMgr:1040 - genDependencies : Invalid condition id : Sigfox Third Party LIB Condition cause : null
2021-02-24 21:35:32,696 [WARN] ConditionMgr:1040 - genDependencies : Invalid condition id : SIGFOX STM32 LIB Condition cause : null
2021-02-24 21:35:32,696 [WARN] ConditionMgr:1040 - genDependencies : Invalid condition id : SIGFOX STM32 LIB Condition cause : null
2021-02-24 21:35:32,696 [WARN] ConditionMgr:1040 - genDependencies : Invalid condition id : Sigfox Third Party LIB Condition cause : null
2021-02-24 21:35:32,864 [INFO] ThirdParty:887 - Integrity check success = true
2021-02-24 21:35:32,864 [INFO] IntegrityCheckThread:75 - exiting critical section [integrity check]
2021-02-24 21:35:32,864 [INFO] IntegrityCheckThread:78 - End integrity checks thread
2021-02-24 21:35:33,740 [INFO] Rule:212 - rule GTZC_S instance for project manager is applicable
2021-02-24 21:35:33,740 [INFO] Rule:212 - rule GTZC_S instance for context M0+ is applicable
2021-02-24 21:35:33,740 [INFO] Rule:212 - rule GTZC_NS instance for context M4 is applicable
2021-02-24 21:35:33,740 [INFO] Rule:212 - rule GTZC_S instance value for IP GTZC is applicable
2021-02-24 21:35:33,740 [INFO] Rule:212 - rule GTZC_S instance for mcu is applicable
2021-02-24 21:35:33,740 [INFO] Rule:212 - rule GTZC_S instance for VP is applicable
2021-02-24 21:35:33,740 [INFO] Rule:212 - rule GTZC_S instance for signal is applicable
2021-02-24 21:35:33,740 [INFO] Rule:212 - rule SPDIFRX instance for mcu is applicable
2021-02-24 21:35:33,740 [INFO] Rule:212 - rule Rename Tracer Mode is applicable
2021-02-24 21:35:33,740 [INFO] Rule:212 - rule SPDIFRX instance value for IP SPDIFRX is applicable
2021-02-24 21:35:33,740 [INFO] Rule:212 - rule SPDIFRX instance for signal is applicable
2021-02-24 21:35:33,740 [INFO] Rule:212 - rule SPDIFRX instance for project manager is applicable
2021-02-24 21:35:33,740 [INFO] Rule:212 - rule SPDIFRX instance for project manager is applicable
2021-02-24 21:35:33,740 [INFO] Rule:212 - rule ADC Scan  fix with FW F7 is applicable
2021-02-24 21:35:33,740 [INFO] Rule:212 - rule ADC Scan  fix with FW F7 is applicable
2021-02-24 21:35:33,741 [INFO] Rule:212 - rule DFSDM instance value for IP DFSDM is applicable
2021-02-24 21:35:33,741 [INFO] Rule:212 - rule DFSDM instance for mcu is applicable
2021-02-24 21:35:33,741 [INFO] Rule:212 - rule DFSDM instance for VP is applicable
2021-02-24 21:35:33,741 [INFO] Rule:212 - rule DFSDM instance for signal is applicable
2021-02-24 21:35:33,741 [INFO] Rule:212 - rule DFSDM instance for shared is applicable
2021-02-24 21:35:33,741 [INFO] Rule:212 - rule BreakInputSource parameter for IP Timer is applicable
2021-02-24 21:35:33,741 [INFO] Rule:212 - rule Sourcebreak parameter for IP Timer is applicable
2021-02-24 21:35:33,741 [INFO] Rule:212 - rule Sourcebreak parameter for IP Timer is applicable
2021-02-24 21:35:33,741 [INFO] Rule:212 - rule DFSDM for PCC is applicable
2021-02-24 21:35:33,741 [INFO] Rule:212 - rule Serial_Wire Mode is applicable
2021-02-24 21:35:33,741 [INFO] Rule:212 - rule JTAG_4_pins Mode is applicable
2021-02-24 21:35:33,741 [INFO] Rule:212 - rule JTAG_5_pins Mode is applicable
2021-02-24 21:35:33,741 [INFO] Rule:212 - rule Trace_Asynchronous_SW Mode is applicable
2021-02-24 21:35:33,741 [INFO] Rule:212 - rule Trace_Synchro_1bit_JTAG Mode is applicable
2021-02-24 21:35:33,741 [INFO] Rule:212 - rule Trace_Synchro_2bits_JTAG Mode is applicable
2021-02-24 21:35:33,741 [INFO] Rule:212 - rule Trace_Synchro_4bits_JTAG Mode is applicable
2021-02-24 21:35:33,741 [INFO] Rule:212 - rule Trace_Synchro_1bit_SW Mode is applicable
2021-02-24 21:35:33,741 [INFO] Rule:212 - rule Trace_Synchro_2bits_SW Mode is applicable
2021-02-24 21:35:33,741 [INFO] Rule:212 - rule Trace_Synchro_4bits_SW Mode is applicable
2021-02-24 21:35:33,741 [INFO] Rule:212 - rule SYS_WakeUp0 Mode is applicable
2021-02-24 21:35:33,741 [INFO] Rule:212 - rule SYS_WakeUp0 Mode for STM32F446 is applicable
2021-02-24 21:35:33,742 [INFO] Rule:212 - rule SYS_WakeUp1 Mode is applicable
2021-02-24 21:35:33,742 [INFO] Rule:212 - rule SYS_WakeUp1 Mode for STM32F446 is applicable
2021-02-24 21:35:33,742 [INFO] Rule:212 - rule SYS_WakeUp2 Mode is applicable
2021-02-24 21:35:33,742 [INFO] Rule:212 - rule SYS_WakeUp3 Mode is applicable
2021-02-24 21:35:33,742 [INFO] Rule:212 - rule SYS_WakeUp4 Mode is applicable
2021-02-24 21:35:33,742 [INFO] Rule:212 - rule SYS_WakeUp5 Mode is applicable
2021-02-24 21:35:33,742 [INFO] Rule:212 - rule SYS_WakeUp6 Mode is applicable
2021-02-24 21:35:33,742 [INFO] Rule:212 - rule SYS_WakeUp7 Mode is applicable
2021-02-24 21:35:33,742 [INFO] Rule:212 - rule Mode_PVD_Ext is applicable
2021-02-24 21:35:33,742 [INFO] Rule:212 - rule Mode_PVD_Int is applicable
2021-02-24 21:35:33,742 [INFO] Rule:212 - rule Add RTC Activate Clock Source is applicable
2021-02-24 21:35:33,742 [INFO] Rule:212 - rule Add RTC Activate Calendar 1 is applicable
2021-02-24 21:35:33,742 [INFO] Rule:212 - rule Add RTC Activate Calendar 2 is applicable
2021-02-24 21:35:33,742 [INFO] Rule:212 - rule Add RTC Activate Calendar 3 is applicable
2021-02-24 21:35:33,742 [INFO] Rule:212 - rule UART/USART TX Mode is applicable
2021-02-24 21:35:33,742 [INFO] Rule:212 - rule UART/USART RX Mode is applicable
2021-02-24 21:35:33,742 [INFO] Rule:212 - rule UART/USART RX TX Mode is applicable
2021-02-24 21:35:33,742 [INFO] Rule:212 - rule UART/USART PARITY NONE is applicable
2021-02-24 21:35:33,742 [INFO] Rule:212 - rule UART/USART PARITY EVEN is applicable
2021-02-24 21:35:33,742 [INFO] Rule:212 - rule UART/USART PARITY ODD is applicable
2021-02-24 21:35:33,742 [INFO] Rule:212 - rule USART StopBits 1 is applicable
2021-02-24 21:35:33,742 [INFO] Rule:212 - rule USART StopBits 2 is applicable
2021-02-24 21:35:33,743 [INFO] Rule:212 - rule USART StopBits 1.5 is applicable
2021-02-24 21:35:33,743 [INFO] Rule:212 - rule USART StopBits 0.5 is applicable
2021-02-24 21:35:33,743 [INFO] Rule:212 - rule UART/USART WORD LENGTH 7 is applicable
2021-02-24 21:35:33,743 [INFO] Rule:212 - rule UART/USART WORD LENGTH 8 is applicable
2021-02-24 21:35:33,743 [INFO] Rule:212 - rule UART/USART WORD LENGTH 9 is applicable
2021-02-24 21:35:33,743 [INFO] Rule:212 - rule Rename FMC NAND NCE signal is applicable
2021-02-24 21:35:33,743 [INFO] Rule:212 - rule Rename FMC NAND INT signal is applicable
2021-02-24 21:35:33,743 [INFO] Rule:212 - rule Change Default Value for ADC ExternalTrigConv L4 family is applicable
2021-02-24 21:35:33,743 [INFO] Rule:212 - rule Change Default Value for ADC ExternalTrigInjecConv L4 family is applicable
2021-02-24 21:35:33,743 [INFO] Rule:212 - rule Change Default Value for ADC ExternalTrigConv F3 family is applicable
2021-02-24 21:35:33,743 [INFO] Rule:212 - rule Change Default Value for ADC ExternalTrigInjecConv F3 family is applicable
2021-02-24 21:35:33,743 [INFO] Rule:212 - rule Change Default Value for ADC ExternalTrigConv Goldfish serie is applicable
2021-02-24 21:35:33,743 [INFO] Rule:212 - rule Change Default Value for ADC ExternalTrigInjecConv Goldfish serie is applicable
2021-02-24 21:35:33,743 [INFO] Rule:212 - rule Change Default Value for ADC ExternalTrigConv L0 family is applicable
2021-02-24 21:35:33,743 [INFO] Rule:212 - rule Change Default Value for ADC ExternalTrigConv F0 family is applicable
2021-02-24 21:35:33,743 [INFO] Rule:212 - rule Change Default Value for ADC ExternalTrigConvn L1 family is applicable
2021-02-24 21:35:33,743 [INFO] Rule:212 - rule Change Default Value for ADC ExternalTrigInjecConv L1 family is applicable
2021-02-24 21:35:33,743 [INFO] Rule:212 - rule Change Default Value for ADC ExternalTrigConv F1 family is applicable
2021-02-24 21:35:33,743 [INFO] Rule:212 - rule Change Default Value for ADC ExternalTrigInjecConv F1 family is applicable
2021-02-24 21:35:33,743 [INFO] Rule:212 - rule Change Default Value for ADC ExternalTrigConv F7 family is applicable
2021-02-24 21:35:33,743 [INFO] Rule:212 - rule Change Default Value for ADC ExternalTrigInjecConv F7 family is applicable
2021-02-24 21:35:33,743 [INFO] Rule:212 - rule Change Default Value for ADC ExternalTrigConv F4 and F2 family is applicable
2021-02-24 21:35:33,744 [INFO] Rule:212 - rule Change Default Value for ADC ExternalTrigInjecConv F4 and F2 family is applicable
2021-02-24 21:35:33,744 [INFO] Rule:212 - rule ADC SamplingTime fix with FW L0  is applicable
2021-02-24 21:35:33,744 [INFO] Rule:212 - rule ADC SamplingTime fix with FW L0  is applicable
2021-02-24 21:35:33,744 [INFO] Rule:212 - rule ADC SamplingTime fix with FW L0 is applicable
2021-02-24 21:35:33,744 [INFO] Rule:212 - rule ADC SamplingTime fix with FW L0 is applicable
2021-02-24 21:35:33,744 [INFO] Rule:212 - rule ADC SamplingTime fix with FW L0  is applicable
2021-02-24 21:35:33,744 [INFO] Rule:212 - rule ADC SamplingTime fix with FW L0 is applicable
2021-02-24 21:35:33,744 [INFO] Rule:212 - rule Rename USB_OE Signal is applicable
2021-02-24 21:35:33,744 [INFO] Rule:212 - rule Rename Activate_OE Mode is applicable
2021-02-24 21:35:33,744 [INFO] Rule:212 - rule Rename DIE462/DIE415 pin PC14/OSC32_IN -> PC14-OSC32_IN (PC14) is applicable
2021-02-24 21:35:33,744 [INFO] Rule:212 - rule Rename DIE462/DIE415 pin PC15/OSC32_OUT -> PC15-OSC32_OUT (PC15) is applicable
2021-02-24 21:35:33,744 [INFO] Rule:212 - rule Rename DIE462/DIE415 pin PH0/OSC_IN -> PH0-OSC_IN (PH0) is applicable
2021-02-24 21:35:33,744 [INFO] Rule:212 - rule Rename DIE462/DIE415 pin PH1/OSC_OUT -> PH1-OSC_OUT (PH1) is applicable
2021-02-24 21:35:33,744 [INFO] Rule:212 - rule Rename DIE462 pin PA13 -> PA13 (JTMS/SWDIO) is applicable
2021-02-24 21:35:33,744 [INFO] Rule:212 - rule Rename DIE415 pin PA13 -> PA13 (JTMS/SWDIO) is applicable
2021-02-24 21:35:33,744 [INFO] Rule:212 - rule Rename DIE462 pin PA14 -> PA14 (JTCK/SWCLK) is applicable
2021-02-24 21:35:33,744 [INFO] Rule:212 - rule Rename DIE415 pin PA14 -> PA14 (JTCK/SWCLK) is applicable
2021-02-24 21:35:33,744 [INFO] Rule:212 - rule Rename DIE462/DIE415 pin PA15 -> PA15 (JTDI) is applicable
2021-02-24 21:35:33,744 [INFO] Rule:212 - rule Rename DIE462 pin PB3 -> PB3 (JTD0/TRACESWO) is applicable
2021-02-24 21:35:33,744 [INFO] Rule:212 - rule Rename DIE415 pin PB3 -> PB3 (JTD0-TRACESWO) is applicable
2021-02-24 21:35:33,744 [INFO] Rule:212 - rule Rename DIE462/DIE415 pin PB4 -> PB4 (NJTRST) is applicable
2021-02-24 21:35:33,744 [INFO] Rule:212 - rule Rename DIE462 pin PH3/BOOT0 -> PH3-BOOT0 (BOOT0) is applicable
2021-02-24 21:35:33,744 [INFO] Rule:212 - rule Rename CRYP DataEncryptionTypesList to Algorithm is applicable
2021-02-24 21:35:33,745 [INFO] Rule:212 - rule Rename AES DataEncryptionTypesList to Algorithm is applicable
2021-02-24 21:35:33,745 [INFO] Rule:212 - rule Rename TDESECB to CRYP_TDES_ECB is applicable
2021-02-24 21:35:33,745 [INFO] Rule:212 - rule Rename TDESCBC to CRYP_TDES_CBC is applicable
2021-02-24 21:35:33,745 [INFO] Rule:212 - rule Rename DESECB to CRYP_DES_ECB is applicable
2021-02-24 21:35:33,745 [INFO] Rule:212 - rule Rename DESCBC to CRYP_DES_CBC is applicable
2021-02-24 21:35:33,745 [INFO] Rule:212 - rule Rename AESECB to CRYP_AES_ECB is applicable
2021-02-24 21:35:33,745 [INFO] Rule:212 - rule Rename AESCBC to CRYP_AES_CBC is applicable
2021-02-24 21:35:33,745 [INFO] Rule:212 - rule Rename AESCTR to CRYP_AES_CTR is applicable
2021-02-24 21:35:33,745 [INFO] Rule:212 - rule Rename AESGCM to CRYP_AES_GCM is applicable
2021-02-24 21:35:33,745 [INFO] Rule:212 - rule Rename AESCCM to CRYP_AES_CCM is applicable
2021-02-24 21:35:33,745 [INFO] Rule:212 - rule Rename CAN TimeSeg1 to BS1 is applicable
2021-02-24 21:35:33,745 [INFO] Rule:212 - rule Rename CAN TimeSeg2 to BS2 is applicable
2021-02-24 21:35:33,745 [INFO] Rule:212 - rule Rename CAN SyncJumpWidth to SJW is applicable
2021-02-24 21:35:33,745 [INFO] Rule:212 - rule TimeTriggeredMode to TTCM is applicable
2021-02-24 21:35:33,745 [INFO] Rule:212 - rule Rename CAN AutoBusOff to ABOM is applicable
2021-02-24 21:35:33,745 [INFO] Rule:212 - rule Rename CAN AutoWakeUp to AWUM is applicable
2021-02-24 21:35:33,745 [INFO] Rule:212 - rule Rename CAN AutoRetransmission to NART is applicable
2021-02-24 21:35:33,745 [INFO] Rule:212 - rule Rename CAN ReceiveFifoLocked to RFLM is applicable
2021-02-24 21:35:33,745 [INFO] Rule:212 - rule Rename CAN TransmitFifoPriority to TXFP is applicable
2021-02-24 21:35:33,745 [INFO] Rule:212 - rule Rename HRTIMER HRTIM_OUTPUTFAULTLEVEL_HIGH in HRTIMER HRTIM_OUTPUTFAULTLEVEL_HIGHZ is applicable
2021-02-24 21:35:33,745 [INFO] Rule:212 - rule Rename TIMER TIM_CLEARINPUTSOURCE_OCREFCLR in  TIMER TIM_CLEARINPUTSOURCE_NONE for F7 family is applicable
2021-02-24 21:35:33,745 [INFO] Rule:212 - rule FDCAN_R1 - Rename FDCAN mode Master into Classic is applicable
2021-02-24 21:35:33,746 [INFO] Rule:212 - rule FDCAN_R2 - Rename FDCAN mode Slave into Classic is applicable
2021-02-24 21:35:33,746 [INFO] Rule:212 - rule FDCAN1_R3 - if PA10.Mode=FullDuplex, add Pin PA12 is applicable
2021-02-24 21:35:33,746 [INFO] Rule:212 - rule FDCAN1_R3 - if PA9.Mode=FullDuplex, add Pin PA11 is applicable
2021-02-24 21:35:33,746 [INFO] Rule:212 - rule FDCAN1_R3 - Alternatepin_1 - if PE1.Mode=FullDuplex, add Pin PB9 is applicable
2021-02-24 21:35:33,746 [INFO] Rule:212 - rule FDCAN1_R3 - Alternatepin_1 - if PE0.Mode=FullDuplex, add Pin PB8 is applicable
2021-02-24 21:35:33,746 [INFO] Rule:212 - rule FDCAN1_R3 - Alternatepin_2 - if PD5.Mode=FullDuplex, add Pin PD1 is applicable
2021-02-24 21:35:33,746 [INFO] Rule:212 - rule FDCAN1_R3 - Alternatepin_2 - if PD4.Mode=FullDuplex, add Pin PD0 is applicable
2021-02-24 21:35:33,746 [INFO] Rule:212 - rule FDCAN1_R4 - Rename Mode FullDuplex into Enable FDCAN_TXFD for pin PA10 is applicable
2021-02-24 21:35:33,746 [INFO] Rule:212 - rule FDCAN1_R4 - Rename Mode FullDuplex into Enable FDCAN_TXFD for pin PA9 is applicable
2021-02-24 21:35:33,746 [INFO] Rule:212 - rule FDCAN1_R4 - Alternatepin_1 - Rename Mode FullDuplex into Enable FDCAN_TXFD for pin PE1 is applicable
2021-02-24 21:35:33,746 [INFO] Rule:212 - rule FDCAN1_R4 - Alternatepin_1 - Rename Mode FullDuplex into Enable FDCAN_TXFD for pin PE0 is applicable
2021-02-24 21:35:33,746 [INFO] Rule:212 - rule FDCAN1_R4 - Alternatepin_2 - Rename Mode FullDuplex into Enable FDCAN_TXFD for pin PD5 is applicable
2021-02-24 21:35:33,746 [INFO] Rule:212 - rule FDCAN1_R4 - Alternatepin_2 - Rename Mode FullDuplex into Enable FDCAN_TXFD for pin PD4 is applicable
2021-02-24 21:35:33,746 [INFO] Rule:212 - rule FDCAN2_R3 - if PD10.Mode=FullDuplex, add Pin PB13 is applicable
2021-02-24 21:35:33,746 [INFO] Rule:212 - rule FDCAN2_R3 - if PD9.Mode=FullDuplex, add Pin PB12 is applicable
2021-02-24 21:35:33,746 [INFO] Rule:212 - rule FDCAN2_R3 - Alternatepin_1 - if PB7.Mode=FullDuplex, add Pin PB6 is applicable
2021-02-24 21:35:33,746 [INFO] Rule:212 - rule FDCAN2_R3 - Alternatepin_1 - if PD9.Mode=FullDuplex, add Pin PB12 is applicable
2021-02-24 21:35:33,746 [INFO] Rule:212 - rule FDCAN2_R4 - Rename Mode FullDuplex into Enable FDCAN_TXFD for pin PD10 is applicable
2021-02-24 21:35:33,746 [INFO] Rule:212 - rule FDCAN2_R4 - Rename Mode FullDuplex into Enable FDCAN_TXFD for pin PD9 is applicable
2021-02-24 21:35:33,746 [INFO] Rule:212 - rule FDCAN2_R4 - Alternatepin_1 - Rename Mode FullDuplex into Enable FDCAN_TXFD for pin PB7 is applicable
2021-02-24 21:35:33,746 [INFO] Rule:212 - rule FDCAN2_R4 - Alternatepin_1 - Rename Mode FullDuplex into Enable FDCAN_TXFD for pin PD6 is applicable
2021-02-24 21:35:33,746 [INFO] Rule:212 - rule USART TxPinLevelInvertParam Mode is applicable
2021-02-24 21:35:33,746 [INFO] Rule:212 - rule USART RxPinLevelInvertParam Mode is applicable
2021-02-24 21:35:33,746 [INFO] Rule:212 - rule USART DataInvertParam Mode is applicable
2021-02-24 21:35:33,747 [INFO] Rule:212 - rule USART SwapParam Mode is applicable
2021-02-24 21:35:33,747 [INFO] Rule:212 - rule USART OverrunDisableParam Mode is applicable
2021-02-24 21:35:33,747 [INFO] Rule:212 - rule USART DMADisableonRxErrorParam Mode is applicable
2021-02-24 21:35:33,747 [INFO] Rule:212 - rule USART MSBFirstParam Mode is applicable
2021-02-24 21:35:33,747 [INFO] Rule:212 - rule Update MwName for USB_DEVICE is applicable
2021-02-24 21:35:33,747 [INFO] Rule:212 - rule Change PWR_Regulator_Voltage_Scale Default Value for RCC  H7 family is applicable
2021-02-24 21:35:33,747 [INFO] Rule:212 - rule UART/USART IPParameter rename Prescaler parameter to ClockPrescaler is applicable
2021-02-24 21:35:33,747 [INFO] Rule:212 - rule UART/USART Prescaler rename Prescaler parameter to ClockPrescaler is applicable
2021-02-24 21:35:33,747 [INFO] Rule:212 - rule TIM1CLockSelection is applicable
2021-02-24 21:35:33,747 [INFO] Rule:212 - rule TIM15CLockSelection is applicable
2021-02-24 21:35:33,747 [INFO] Rule:212 - rule align RCC SDMMC3CLockSelection default value on MP1 is applicable
2021-02-24 21:35:33,747 [INFO] Rule:212 - rule align RCC SDMMC12CLockSelection default value on MP1 is applicable
2021-02-24 21:35:33,747 [INFO] Rule:212 - rule align RCC QSPICLockSelection default value on MP1 is applicable
2021-02-24 21:35:33,747 [INFO] Rule:212 - rule align RCC QSPICLockSelection default value on MP1 is applicable
2021-02-24 21:35:33,747 [INFO] Rule:212 - rule align RCC SPI6CLockSelection default value on MP1 is applicable
2021-02-24 21:35:33,747 [INFO] Rule:212 - rule align RCC LPTIM23CLockSelection default value on MP1 is applicable
2021-02-24 21:35:33,747 [INFO] Rule:212 - rule align RCC LPTIM1CLockSelection default value on MP1 is applicable
2021-02-24 21:35:33,747 [INFO] Rule:212 - rule align RCC USART1CLockSelection default value on MP1 is applicable
2021-02-24 21:35:33,747 [INFO] Rule:212 - rule align RCC USART24CLockSelection default value on MP1 is applicable
2021-02-24 21:35:33,747 [INFO] Rule:212 - rule align RCC USART6CLockSelection default value on MP1 is applicable
2021-02-24 21:35:33,747 [INFO] Rule:212 - rule align RCC UART78CLockSelection default value on MP1 is applicable
2021-02-24 21:35:33,747 [INFO] Rule:212 - rule align RCC USART35CLockSelection default value on MP1 is applicable
2021-02-24 21:35:33,747 [INFO] Rule:212 - rule align RCC SPI45CLockSelection default value on MP1 is applicable
2021-02-24 21:35:33,747 [INFO] Rule:212 - rule align RCC I2C46CLockSelection BCLK value on MP1 is applicable
2021-02-24 21:35:33,747 [INFO] Rule:212 - rule align RCC SPI45CLockSelection default value on MP1 is applicable
2021-02-24 21:35:33,748 [INFO] Rule:212 - rule align RCC I2C12CLockSelection default value on MP1 is applicable
2021-02-24 21:35:33,748 [INFO] Rule:212 - rule align RCC I2C35CLockSelection default value on MP1 is applicable
2021-02-24 21:35:33,748 [INFO] Rule:212 - rule align RCC LPTIM45CLockSelection default value on MP1 is applicable
2021-02-24 21:35:33,748 [INFO] Rule:212 - rule Rename DCMI PIXCK signal is applicable
2021-02-24 21:35:33,748 [INFO] Rule:212 - rule Change Default Value for I2C46CLockSelection MP1 family is applicable
2021-02-24 21:35:33,748 [INFO] Rule:212 - rule Change Default Value for UART for G4, G0 and WB families is applicable
2021-02-24 21:35:33,748 [INFO] Rule:212 - rule Change Default Value for USART for G4, G0 and WB families is applicable
2021-02-24 21:35:33,748 [INFO] Rule:212 - rule Change Default Value for USART for G4 family is applicable
2021-02-24 21:35:33,748 [INFO] Rule:212 - rule Change USART1CLockSelection refparam name for MP1 is applicable
2021-02-24 21:35:33,748 [INFO] Rule:212 - rule Change USART2CLockSelection refparam name for MP1 is applicable
2021-02-24 21:35:33,748 [INFO] Rule:212 - rule Change USART3CLockSelection refparam name for MP1 is applicable
2021-02-24 21:35:33,748 [INFO] Rule:212 - rule Change UART4CLockSelection refparam name for MP1 is applicable
2021-02-24 21:35:33,748 [INFO] Rule:212 - rule Change UART5CLockSelection refparam name for MP1 is applicable
2021-02-24 21:35:33,748 [INFO] Rule:212 - rule Change LPUART1CLockSelection refparam name for MP1 is applicable
2021-02-24 21:35:33,748 [INFO] Rule:212 - rule Change LPTIM1CLockSelection refparam name for MP1 is applicable
2021-02-24 21:35:33,748 [INFO] Rule:212 - rule Change LPTIM2CLockSelection refparam name for MP1 is applicable
2021-02-24 21:35:33,748 [INFO] Rule:212 - rule Change RCC_MCO1Source refparam name for MP1 is applicable
2021-02-24 21:35:33,748 [INFO] Rule:212 - rule Change LSCOSource1 refparam name for MP1 is applicable
2021-02-24 21:35:33,748 [INFO] Rule:212 - rule Change SMPSCLockSelection refparam name for MP1 is applicable
2021-02-24 21:35:33,748 [INFO] Rule:212 - rule Change LPTIM3CLockSelection refparam name for MP1 is applicable
2021-02-24 21:35:33,748 [INFO] Rule:212 - rule Change MPCBB* Default Template Mode to Parameters is applicable
2021-02-24 21:35:33,748 [INFO] Rule:212 - rule Change MPCWM* or MPCBB* Secure Mode to Parameters is applicable
2021-02-24 21:35:33,748 [INFO] Rule:212 - rule Change MPCWM* or MPCBB* No Secure Mode to Parameters is applicable
2021-02-24 21:35:33,749 [INFO] Rule:212 - rule Change TZSC IP Secure Mode to Parameters is applicable
2021-02-24 21:35:33,749 [INFO] Rule:212 - rule Change TZSC IP No Secure Mode to Parameters is applicable
2021-02-24 21:35:33,749 [INFO] Rule:212 - rule Change TZSC IP Privilege Mode to Parameters is applicable
2021-02-24 21:35:33,749 [INFO] Rule:212 - rule Change TZSC IP No Privilege Mode to Parameters is applicable
2021-02-24 21:35:33,749 [INFO] Rule:212 - rule Change TZIC IT Secure Mode to Parameters is applicable
2021-02-24 21:35:33,749 [INFO] Rule:212 - rule Change TZIC IT No Secure Mode to Parameters is applicable
2021-02-24 21:35:33,749 [INFO] Rule:212 - rule Add MPCBB1_NonSecureArea_Start_Address value with referenced to MPCBB1_NonSecureArea_Start value is applicable
2021-02-24 21:35:33,749 [INFO] Rule:212 - rule Add MPCBB2_NonSecureArea_Start_Address value with referenced to MPCBB2_NonSecureArea_Start value is applicable
2021-02-24 21:35:33,749 [INFO] Rule:212 - rule Add MPCWM1_NonSecureArea*_Start_Address value with referenced to MPCWM1_NonSecureArea*_Start value is applicable
2021-02-24 21:35:33,749 [INFO] Rule:212 - rule Add MPCWM2_NonSecureArea*_Start_Address value with referenced to MPCWM2_NonSecureArea*_Start value is applicable
2021-02-24 21:35:33,749 [INFO] Rule:212 - rule Add MPCWM3_NonSecureArea_Start_Address value with referenced to MPCWM3_NonSecureArea_Start value is applicable
2021-02-24 21:35:33,749 [INFO] Rule:212 - rule Change Default Value for PLL1UserDefinedConfig is applicable
2021-02-24 21:35:33,749 [INFO] Rule:212 - rule Change GPIO_PuPd Default Value for USART in async mode is applicable
2021-02-24 21:35:33,749 [INFO] Rule:212 - rule Change SMPSDivider Default Value is applicable
2021-02-24 21:35:33,749 [INFO] Rule:212 - rule OPAMP is applicable
2021-02-24 21:35:33,749 [INFO] Rule:212 - rule LPUART IPParameter rename Prescaler parameter to ClockPrescaler for STM32H7 is applicable
2021-02-24 21:35:33,749 [INFO] Rule:212 - rule LPUART IPParameter rename Prescaler parameter to ClockPrescaler for STM32H7 is applicable
2021-02-24 21:35:33,749 [INFO] Rule:212 - rule LPUART IPParameter rename Prescaler parameter to ClockPrescaler for STM32WB is applicable
2021-02-24 21:35:33,749 [INFO] Rule:212 - rule LPUART IPParameter rename Prescaler parameter to ClockPrescaler for STM32WB is applicable
2021-02-24 21:35:33,749 [INFO] Rule:212 - rule LPUART IPParameter rename Prescaler parameter to ClockPrescaler for STM32G4 is applicable
2021-02-24 21:35:33,749 [INFO] Rule:212 - rule LPUART IPParameter rename Prescaler parameter to ClockPrescaler for STM32G4 is applicable
2021-02-24 21:35:33,749 [INFO] Rule:212 - rule LPUART IPParameter rename Prescaler parameter to ClockPrescaler for STM32L5 is applicable
2021-02-24 21:35:33,749 [INFO] Rule:212 - rule LPUART IPParameter rename Prescaler parameter to ClockPrescaler for STM32G4 is applicable
2021-02-24 21:35:33,749 [INFO] Rule:212 - rule LPUART IPParameter rename Prescaler parameter to ClockPrescaler for STM32G4 is applicable
2021-02-24 21:35:33,749 [INFO] Rule:212 - rule USB device lib V2.5.3 for L0 rename USBD_SUPPORT_USER_STRING parameter to USBD_SUPPORT_USER_STRING_DESC4 is applicable
2021-02-24 21:35:33,750 [INFO] Rule:212 - rule I2SCLockSelection clock entry align is applicable
2021-02-24 21:35:33,750 [INFO] Rule:212 - rule Assign TIMx context if used as SYS timebase is applicable
2021-02-24 21:35:33,759 [INFO] DbConfProperties:294 - Apply Compatibility (68/224 Rules)
2021-02-24 21:35:33,768 [INFO] ImportTextPane:162 - (OptionalMessage_ERROR) Unable to find key (Mcu.ThirdPartyNb) in loaded IOC file
2021-02-24 21:35:33,806 [WARN] ApiManager:294 - Cannot register API 'Board Extension:S2868A1' from pack STMicroelectronics.X-CUBE-SUBG2.3.0.1: no header file found
2021-02-24 21:35:33,806 [WARN] ApiManager:294 - Cannot register API 'Board Extension:S2868A2' from pack STMicroelectronics.X-CUBE-SUBG2.3.0.1: no header file found
2021-02-24 21:35:33,806 [WARN] ApiManager:294 - Cannot register API 'Board Extension:S2915A1' from pack STMicroelectronics.X-CUBE-SUBG2.3.0.1: no header file found
2021-02-24 21:35:33,811 [WARN] ModelIntegratedComponent:51 - No mode defined for component null
2021-02-24 21:35:33,811 [WARN] ModelIntegratedComponent:51 - No mode defined for component null
2021-02-24 21:35:33,811 [WARN] ModelIntegratedComponent:51 - No mode defined for component null
2021-02-24 21:35:33,811 [WARN] ModelIntegratedComponent:51 - No mode defined for component null
2021-02-24 21:35:33,811 [WARN] ModelIntegratedComponent:51 - No mode defined for component null
2021-02-24 21:35:33,811 [WARN] ModelIntegratedComponent:51 - No mode defined for component null
2021-02-24 21:35:33,812 [WARN] ModelIntegratedComponent:51 - No mode defined for component null
2021-02-24 21:35:33,812 [WARN] ModelIntegratedComponent:51 - No mode defined for component null
2021-02-24 21:35:33,812 [WARN] ModelIntegratedComponent:51 - No mode defined for component null
2021-02-24 21:35:33,812 [WARN] ModelIntegratedComponent:51 - No mode defined for component null
2021-02-24 21:35:33,812 [WARN] ModelIntegratedComponent:51 - No mode defined for component null
2021-02-24 21:35:33,812 [WARN] ModelIntegratedComponent:51 - No mode defined for component null
2021-02-24 21:35:33,812 [WARN] ModelIntegratedComponent:51 - No mode defined for component null
2021-02-24 21:35:33,812 [WARN] ModelIntegratedComponent:51 - No mode defined for component null
2021-02-24 21:35:33,812 [WARN] ModelIntegratedComponent:51 - No mode defined for component null
2021-02-24 21:35:33,812 [WARN] ModelIntegratedComponent:51 - No mode defined for component null
2021-02-24 21:35:33,812 [WARN] ModelIntegratedComponent:51 - No mode defined for component null
2021-02-24 21:35:33,812 [WARN] ModelIntegratedComponent:51 - No mode defined for component null
2021-02-24 21:35:33,812 [WARN] ModelIntegratedComponent:51 - No mode defined for component null
2021-02-24 21:35:33,812 [WARN] ModelIntegratedComponent:51 - No mode defined for component null
2021-02-24 21:35:33,812 [WARN] ModelIntegratedComponent:51 - No mode defined for component null
2021-02-24 21:35:33,812 [WARN] ModelIntegratedComponent:51 - No mode defined for component null
2021-02-24 21:35:33,812 [WARN] ModelIntegratedComponent:51 - No mode defined for component null
2021-02-24 21:35:33,813 [WARN] ModelIntegratedComponent:51 - No mode defined for component null
2021-02-24 21:35:33,813 [WARN] ModelIntegratedComponent:51 - No mode defined for component null
2021-02-24 21:35:33,813 [WARN] ModelIntegratedComponent:51 - No mode defined for component null
2021-02-24 21:35:33,813 [WARN] ModelIntegratedComponent:51 - No mode defined for component null
2021-02-24 21:35:33,813 [WARN] ModelIntegratedComponent:51 - No mode defined for component null
2021-02-24 21:35:33,813 [WARN] ModelIntegratedComponent:51 - No mode defined for component null
2021-02-24 21:35:33,813 [WARN] ModelIntegratedComponent:51 - No mode defined for component null
2021-02-24 21:35:33,813 [WARN] ModelIntegratedComponent:51 - No mode defined for component null
2021-02-24 21:35:33,813 [WARN] ModelIntegratedComponent:51 - No mode defined for component null
2021-02-24 21:35:33,813 [WARN] ModelIntegratedComponent:51 - No mode defined for component null
2021-02-24 21:35:33,813 [WARN] ModelIntegratedComponent:51 - No mode defined for component null
2021-02-24 21:35:33,813 [WARN] ModelIntegratedComponent:51 - No mode defined for component null
2021-02-24 21:35:33,813 [WARN] ModelIntegratedComponent:51 - No mode defined for component null
2021-02-24 21:35:33,813 [WARN] ModelIntegratedComponent:51 - No mode defined for component null
2021-02-24 21:35:33,813 [WARN] ModelIntegratedComponent:51 - No mode defined for component null
2021-02-24 21:35:33,814 [WARN] ApiManager:294 - Cannot register API 'Board Extension:S2868A1' from pack STMicroelectronics.X-CUBE-SFXS2LP1.2.0.0: no header file found
2021-02-24 21:35:33,815 [WARN] ApiManager:294 - Cannot register API 'Board Extension:S2868A2' from pack STMicroelectronics.X-CUBE-SFXS2LP1.2.0.0: no header file found
2021-02-24 21:35:33,815 [WARN] ApiManager:294 - Cannot register API 'Board Extension:S2915A1' from pack STMicroelectronics.X-CUBE-SFXS2LP1.2.0.0: no header file found
2021-02-24 21:35:33,850 [WARN] ApiManager:294 - Cannot register API 'Board Extension:IKS01A3' from pack STMicroelectronics.X-CUBE-MEMS1.8.2.0: no header file found
2021-02-24 21:35:33,851 [WARN] ApiManager:294 - Cannot register API 'Board Extension:IKS01A2' from pack STMicroelectronics.X-CUBE-MEMS1.8.2.0: no header file found
2021-02-24 21:35:33,851 [WARN] ApiManager:294 - Cannot register API 'Board Extension:IKS02A1' from pack STMicroelectronics.X-CUBE-MEMS1.8.2.0: no header file found
2021-02-24 21:35:33,854 [WARN] ApiManager:294 - Cannot register API 'Board Extension:EEPRMA1' from pack STMicroelectronics.X-CUBE-EEPRMA1.3.0.0: no header file found
2021-02-24 21:35:33,854 [WARN] ApiManager:294 - Cannot register API 'Board Extension:EEPRMA2' from pack STMicroelectronics.X-CUBE-EEPRMA1.3.0.0: no header file found
2021-02-24 21:35:33,856 [INFO] RtosManager:464 - Registered RTOS mode: class=CMSIS, group=RTOS, mode=CMSIS_V1, owner=FREERTOS
2021-02-24 21:35:33,856 [INFO] RtosManager:464 - Registered RTOS mode: class=CMSIS, group=RTOS2, mode=CMSIS_V2, owner=FREERTOS
2021-02-24 21:35:33,856 [INFO] RtosManager:464 - Registered RTOS mode: class=RTOS, group=Core, mode=CMSIS_V1, owner=FREERTOS
2021-02-24 21:35:33,856 [INFO] RtosManager:464 - Registered RTOS mode: class=RTOS, group=Core, mode=CMSIS_V2, owner=FREERTOS
2021-02-24 21:35:33,856 [WARN] ModelIntegratedComponent:182 - Missing modes for component STMicroelectronics:FreeRTOS:0.0.1:STMicroelectronics:RTOS:FreeRTOS:Core:::10.2.0:
2021-02-24 21:35:33,856 [WARN] ApiManager:294 - Cannot register API 'Board Extension:GNSS1A1' from pack STMicroelectronics.X-CUBE-GNSS1.5.1.0: no header file found
2021-02-24 21:35:33,857 [WARN] ApiManager:294 - Cannot register API 'Board Support:Custom' from pack STMicroelectronics.X-CUBE-GNSS1.5.1.0: no header file found
2021-02-24 21:35:33,857 [WARN] ApiManager:294 - Cannot register API 'Data Exchange:lib_gnss' from pack STMicroelectronics.X-CUBE-GNSS1.5.1.0: no header file found
2021-02-24 21:35:33,857 [WARN] ApiManager:294 - Cannot register API 'Wireless:BlueNRG-MS' from pack STMicroelectronics.X-CUBE-BLE1.6.1.0: no header file found
2021-02-24 21:35:33,857 [WARN] ApiManager:294 - Cannot register API 'Board Extension:NFC04A1' from pack STMicroelectronics.X-CUBE-NFC4.2.0.1: no header file found
2021-02-24 21:35:33,858 [WARN] ApiManager:294 - Cannot register API 'Wireless:BlueNRG-2' from pack STMicroelectronics.X-CUBE-BLE2.3.1.0: no header file found
2021-02-24 21:35:33,934 [INFO] ImportTextPane:162 - (OptionalMessage_ERROR) IP (RCC) : Invalid parameter (LPUARTFreq_Value)
2021-02-24 21:35:33,934 [INFO] ImportTextPane:162 - (OptionalMessage_ERROR) IP (RCC) : Invalid parameter (FamilyName)
2021-02-24 21:35:33,934 [INFO] ImportTextPane:162 - (OptionalMessage_ERROR) IP (RCC) : Invalid parameter (PLLCLKFreq_Value)
2021-02-24 21:35:33,934 [INFO] ImportTextPane:162 - (OptionalMessage_ERROR) IP (RCC) : Invalid parameter (RTCHSEDivFreq_Value)
2021-02-24 21:35:33,934 [INFO] ImportTextPane:162 - (OptionalMessage_ERROR) IP (RCC) : Invalid parameter (LPTIMFreq_Value)
2021-02-24 21:35:33,935 [INFO] ImportTextPane:162 - (OptionalMessage_ERROR) IP (RCC) : Invalid parameter (TIMFreq_Value)
2021-02-24 21:35:33,935 [INFO] ImportTextPane:162 - (OptionalMessage_ERROR) IP (RCC) : Invalid parameter (HSI16_VALUE)
2021-02-24 21:35:33,935 [INFO] ImportTextPane:162 - (OptionalMessage_ERROR) IP (RCC) : Invalid parameter (48CLKFreq_Value)
2021-02-24 21:35:33,935 [INFO] ImportTextPane:162 - (OptionalMessage_ERROR) IP (RCC) : Invalid parameter (PLLMUL)
2021-02-24 21:35:33,936 [INFO] ImportTextPane:162 - (OptionalMessage_ERROR) IP (RCC) : Invalid parameter (TimerFreq_Value)
2021-02-24 21:35:33,936 [INFO] ImportTextPane:162 - (OptionalMessage_ERROR) IP (RCC) : Invalid parameter (MCOPinFreq_Value)
2021-02-24 21:35:34,016 [INFO] UtilMem:74 - End LoadConfig() Used Memory: 458706416 Bytes (877658112)
2021-02-24 21:35:34,023 [WARN] ThirdParty:749 - waiting for thirdparty lock release [change project]
2021-02-24 21:35:34,023 [INFO] ThirdParty:751 - entering critical section [change project]
2021-02-24 21:35:34,023 [INFO] ThirdParty:939 - CMSIS Pack Vendor :STMicroelectronics USB_HOST 2.0.0
2021-02-24 21:35:34,023 [INFO] ThirdParty:939 - CMSIS Pack Vendor :STMicroelectronics X-CUBE-SUBG2 3.0.1
2021-02-24 21:35:34,023 [INFO] ThirdParty:939 - CMSIS Pack Vendor :STMicroelectronics USB_DEVICE 3.0.0
2021-02-24 21:35:34,023 [INFO] ThirdParty:939 - CMSIS Pack Vendor :STMicroelectronics HAL Drivers 0.0.0
2021-02-24 21:35:34,023 [INFO] ThirdParty:939 - CMSIS Pack Vendor :STMicroelectronics MBEDTLS 2.16.2
2021-02-24 21:35:34,023 [INFO] ThirdParty:939 - CMSIS Pack Vendor :STMicroelectronics X-CUBE-SFXS2LP1 2.0.0
2021-02-24 21:35:34,023 [INFO] ThirdParty:939 - CMSIS Pack Vendor :STMicroelectronics MBEDTLS 2.14.1
2021-02-24 21:35:34,023 [INFO] ThirdParty:939 - CMSIS Pack Vendor :STMicroelectronics USB_DEVICE 2.0.0
2021-02-24 21:35:34,023 [INFO] ThirdParty:939 - CMSIS Pack Vendor :STMicroelectronics X-CUBE-MEMS1 8.2.0
2021-02-24 21:35:34,023 [INFO] ThirdParty:939 - CMSIS Pack Vendor :STMicroelectronics X-CUBE-EEPRMA1 3.0.0
2021-02-24 21:35:34,023 [INFO] ThirdParty:939 - CMSIS Pack Vendor :STMicroelectronics X-CUBE-DISPLAY 1.0.0
2021-02-24 21:35:34,023 [INFO] ThirdParty:939 - CMSIS Pack Vendor :STMicroelectronics FreeRTOS 0.0.1
2021-02-24 21:35:34,023 [INFO] ThirdParty:939 - CMSIS Pack Vendor :STMicroelectronics USB_DEVICE 1.0.0
2021-02-24 21:35:34,023 [INFO] ThirdParty:939 - CMSIS Pack Vendor :STMicroelectronics X-CUBE-ALGOBUILD 1.1.0
2021-02-24 21:35:34,023 [INFO] ThirdParty:939 - CMSIS Pack Vendor :STMicroelectronics X-CUBE-GNSS1 5.1.0
2021-02-24 21:35:34,023 [INFO] ThirdParty:939 - CMSIS Pack Vendor :STMicroelectronics X-CUBE-BLE1 6.1.0
2021-02-24 21:35:34,023 [INFO] ThirdParty:939 - CMSIS Pack Vendor :STMicroelectronics lwIP 2.0.3
2021-02-24 21:35:34,023 [INFO] ThirdParty:939 - CMSIS Pack Vendor :STMicroelectronics lwIP 2.1.2
2021-02-24 21:35:34,023 [INFO] ThirdParty:939 - CMSIS Pack Vendor :STMicroelectronics USB_HOST 1.0.0
2021-02-24 21:35:34,023 [INFO] ThirdParty:939 - CMSIS Pack Vendor :STMicroelectronics X-CUBE-NFC4 2.0.1
2021-02-24 21:35:34,024 [INFO] ThirdParty:939 - CMSIS Pack Vendor :STMicroelectronics X-CUBE-AI 5.2.0
2021-02-24 21:35:34,024 [INFO] ThirdParty:939 - CMSIS Pack Vendor :STMicroelectronics PDM2PCM 3.1.0
2021-02-24 21:35:34,024 [INFO] ThirdParty:939 - CMSIS Pack Vendor :STMicroelectronics X-CUBE-TOUCHGFX 4.16.0
2021-02-24 21:35:34,024 [INFO] ThirdParty:939 - CMSIS Pack Vendor :STMicroelectronics PDM2PCM 3.2.0
2021-02-24 21:35:34,024 [INFO] ThirdParty:939 - CMSIS Pack Vendor :STMicroelectronics X-CUBE-BLE2 3.1.0
2021-02-24 21:35:34,024 [INFO] ThirdParty:939 - CMSIS Pack Vendor :STMicroelectronics PDM2PCM 3.3.0
2021-02-24 21:35:34,024 [INFO] ThirdParty:757 - exiting critical section [change project]
2021-02-24 21:35:34,128 [INFO] PinOutPanel:1434 - setPackage(No Configuration,No Configuration)
2021-02-24 21:35:34,129 [INFO] PinOutPanel:1434 - setPackage(STM32L432KCUx,UFQFPN32)
2021-02-24 21:35:34,388 [INFO] UtilMem:74 - Before build in PCC Used Memory: 538726208 Bytes (877658112)
2021-02-24 21:35:34,675 [INFO] SharedServices:72 - Folder for power plug-in: C:/Users/sharm/.stm32cubemx/plugins/power
2021-02-24 21:35:34,700 [INFO] SharedServices:72 - Folder for power plug-in: C:/Users/sharm/.stm32cubemx/plugins/power
2021-02-24 21:35:34,736 [INFO] SharedServices:72 - Folder for power plug-in: C:/Users/sharm/.stm32cubemx/plugins/power
2021-02-24 21:35:34,741 [INFO] SharedServices:72 - Folder for power plug-in: C:/Users/sharm/.stm32cubemx/plugins/power
2021-02-24 21:35:34,878 [INFO] UtilMem:74 - After build in PCC Used Memory: 638340928 Bytes (877658112)
2021-02-24 21:35:34,890 [INFO] IPUIPlugin:64 - create IPUIPlugin
2021-02-24 21:35:34,890 [INFO] IPUIPlugin:64 - create IPUIPlugin
2021-02-24 21:35:34,890 [INFO] IPUIPlugin:64 - create IPUIPlugin
2021-02-24 21:35:34,891 [INFO] IPUIPlugin:64 - create IPUIPlugin
2021-02-24 21:35:34,891 [INFO] IPUIPlugin:64 - create IPUIPlugin
2021-02-24 21:35:34,891 [INFO] IPUIPlugin:64 - create IPUIPlugin
2021-02-24 21:35:34,891 [INFO] IPUIPlugin:64 - create IPUIPlugin
2021-02-24 21:35:34,891 [INFO] IPUIPlugin:64 - create IPUIPlugin
2021-02-24 21:35:34,891 [INFO] IPUIPlugin:64 - create IPUIPlugin
2021-02-24 21:35:34,891 [INFO] IPUIPlugin:64 - create IPUIPlugin
2021-02-24 21:35:34,891 [INFO] IPUIPlugin:64 - create IPUIPlugin
2021-02-24 21:35:34,891 [INFO] IPUIPlugin:64 - create IPUIPlugin
2021-02-24 21:35:34,891 [INFO] IPUIPlugin:64 - create IPUIPlugin
2021-02-24 21:35:34,891 [INFO] IPUIPlugin:64 - create IPUIPlugin
2021-02-24 21:35:34,892 [INFO] IPUIPlugin:64 - create IPUIPlugin
2021-02-24 21:35:34,892 [INFO] IPUIPlugin:64 - create IPUIPlugin
2021-02-24 21:35:34,892 [INFO] IPUIPlugin:64 - create IPUIPlugin
2021-02-24 21:35:34,892 [INFO] IPUIPlugin:64 - create IPUIPlugin
2021-02-24 21:35:34,892 [INFO] IPUIPlugin:64 - create IPUIPlugin
2021-02-24 21:35:34,892 [INFO] IPUIPlugin:64 - create IPUIPlugin
2021-02-24 21:35:34,893 [INFO] IPUIPlugin:64 - create IPUIPlugin
2021-02-24 21:35:34,893 [INFO] IPUIPlugin:64 - create IPUIPlugin
2021-02-24 21:35:34,893 [INFO] IPUIPlugin:64 - create IPUIPlugin
2021-02-24 21:35:34,893 [INFO] IPUIPlugin:64 - create IPUIPlugin
2021-02-24 21:35:34,893 [INFO] IPUIPlugin:64 - create IPUIPlugin
2021-02-24 21:35:34,893 [INFO] IPUIPlugin:64 - create IPUIPlugin
2021-02-24 21:35:34,894 [INFO] IPUIPlugin:64 - create IPUIPlugin
2021-02-24 21:35:34,894 [INFO] IPUIPlugin:64 - create IPUIPlugin
2021-02-24 21:35:34,894 [INFO] IPUIPlugin:64 - create IPUIPlugin
2021-02-24 21:35:34,894 [INFO] IPUIPlugin:64 - create IPUIPlugin
2021-02-24 21:35:34,894 [INFO] IPUIPlugin:64 - create IPUIPlugin
2021-02-24 21:35:34,894 [INFO] IPUIPlugin:64 - create IPUIPlugin
2021-02-24 21:35:34,895 [INFO] IPUIPlugin:64 - create IPUIPlugin
2021-02-24 21:35:34,895 [INFO] IPUIPlugin:64 - create IPUIPlugin
2021-02-24 21:35:34,895 [INFO] IPUIPlugin:64 - create IPUIPlugin
2021-02-24 21:35:34,895 [INFO] IPUIPlugin:64 - create IPUIPlugin
2021-02-24 21:35:34,895 [INFO] IPUIPlugin:64 - create IPUIPlugin
2021-02-24 21:35:34,896 [INFO] IPUIPlugin:64 - create IPUIPlugin
2021-02-24 21:35:34,896 [INFO] IPUIPlugin:64 - create IPUIPlugin
2021-02-24 21:35:34,896 [INFO] IPUIPlugin:64 - create IPUIPlugin
2021-02-24 21:35:34,896 [INFO] IPUIPlugin:64 - create IPUIPlugin
2021-02-24 21:35:34,920 [INFO] LogOutputStream:76 - [STDOUT_REDIRECT] toolchainItems.length=====1
2021-02-24 21:35:34,978 [INFO] OpenFileManager:294 - Restore cursor
2021-02-24 21:35:35,131 [INFO] UtilMem:74 - End SaveConfig() Used Memory: 694965104 Bytes (877658112)
2021-02-24 21:35:35,187 [INFO] UtilMem:74 - End SaveConfig() Used Memory: 700729160 Bytes (877658112)
2021-02-24 21:35:35,435 [INFO] BlockDiagram:2735 - set Specific Code input for plugin: NVIC
2021-02-24 21:35:35,436 [INFO] BlockDiagram:2735 - set Specific Code input for plugin: USART
2021-02-24 21:35:35,436 [INFO] BlockDiagram:2735 - set Specific Code input for plugin: SYS
2021-02-24 21:35:35,436 [INFO] BlockDiagram:2735 - set Specific Code input for plugin: GPIO
2021-02-24 21:35:35,436 [INFO] BlockDiagram:2735 - set Specific Code input for plugin: RCC
2021-02-24 21:35:35,437 [INFO] CodeGenerator:639 - code generatio: config db path: C:\ST\STM32CubeIDE_1.5.1\STM32CubeIDE\plugins\com.st.stm32cube.common.mx_6.1.1.202012091304\\db\
2021-02-24 21:35:35,637 [INFO] CodeEngine:229 - oldGeneratedFile, C:\Users\sharm\Documents\GitHub\4DS4-Labs\Lab2\MXTmpFiles\license.tmp_save
2021-02-24 21:35:35,866 [INFO] CodeEngine:247 - Generated code: C:\Users\sharm\Documents\GitHub\4DS4-Labs\Lab2\MXTmpFiles\license.tmp
2021-02-24 21:35:35,945 [INFO] CodeEngine:229 - oldGeneratedFile, C:\Users\sharm\Documents\GitHub\4DS4-Labs\Lab2\MXTmpFiles\gpio.tmp_save
2021-02-24 21:35:36,005 [INFO] CodeEngine:247 - Generated code: C:\Users\sharm\Documents\GitHub\4DS4-Labs\Lab2\MXTmpFiles\gpio.tmp
2021-02-24 21:35:36,075 [INFO] LogOutputStream:76 - [STDOUT_REDIRECT] Command line
2021-02-24 21:35:36,092 [INFO] CodeEngine:229 - oldGeneratedFile, C:\Users\sharm\Documents\GitHub\4DS4-Labs\Lab2\Core\Src\stm32l4xx_it.c_save
2021-02-24 21:35:36,164 [INFO] CodeEngine:247 - Generated code: C:\Users\sharm\Documents\GitHub\4DS4-Labs\Lab2\Core\Src\stm32l4xx_it.c
2021-02-24 21:35:36,168 [INFO] CodeEngine:229 - oldGeneratedFile, C:\Users\sharm\Documents\GitHub\4DS4-Labs\Lab2\Core\Inc\stm32l4xx_it.h_save
2021-02-24 21:35:36,207 [INFO] CodeEngine:247 - Generated code: C:\Users\sharm\Documents\GitHub\4DS4-Labs\Lab2\Core\Inc\stm32l4xx_it.h
2021-02-24 21:35:36,230 [INFO] CodeEngine:229 - oldGeneratedFile, C:\Users\sharm\Documents\GitHub\4DS4-Labs\Lab2\Core\Src\stm32l4xx_hal_msp.c_save
2021-02-24 21:35:36,305 [INFO] CodeEngine:247 - Generated code: C:\Users\sharm\Documents\GitHub\4DS4-Labs\Lab2\Core\Src\stm32l4xx_hal_msp.c
2021-02-24 21:35:36,315 [INFO] CodeEngine:229 - oldGeneratedFile, C:\Users\sharm\Documents\GitHub\4DS4-Labs\Lab2\MXTmpFiles\system.tmp_save
2021-02-24 21:35:36,354 [INFO] CodeEngine:247 - Generated code: C:\Users\sharm\Documents\GitHub\4DS4-Labs\Lab2\MXTmpFiles\system.tmp
2021-02-24 21:35:36,376 [INFO] CodeEngine:229 - oldGeneratedFile, C:\Users\sharm\Documents\GitHub\4DS4-Labs\Lab2\Core\Inc\stm32l4xx_hal_conf.h_save
2021-02-24 21:35:36,428 [INFO] CodeEngine:247 - Generated code: C:\Users\sharm\Documents\GitHub\4DS4-Labs\Lab2\Core\Inc\stm32l4xx_hal_conf.h
2021-02-24 21:35:36,464 [INFO] CodeEngine:229 - oldGeneratedFile, C:\Users\sharm\Documents\GitHub\4DS4-Labs\Lab2\Core\Inc\main.h_save
2021-02-24 21:35:36,516 [INFO] CodeEngine:247 - Generated code: C:\Users\sharm\Documents\GitHub\4DS4-Labs\Lab2\Core\Inc\main.h
2021-02-24 21:35:36,522 [INFO] CodeEngine:229 - oldGeneratedFile, C:\Users\sharm\Documents\GitHub\4DS4-Labs\Lab2\Core\Src\main.c_save
2021-02-24 21:35:36,587 [INFO] CodeEngine:247 - Generated code: C:\Users\sharm\Documents\GitHub\4DS4-Labs\Lab2\Core\Src\main.c
2021-02-24 21:35:37,182 [INFO] ProjectBuilder:2328 - Time for Copy HAL[1] : 210mS.
2021-02-24 21:35:37,187 [INFO] ProjectBuilder:3259 - Project Generator version: 3.11.2
2021-02-24 21:35:37,317 [INFO] ConfigFileManager:1238 - The Die is : DIE435
2021-02-24 21:35:37,326 [INFO] ApiDbMcu:456 - Load IP Config File for FATFS
2021-02-24 21:35:37,372 [INFO] ApiDbMcu:456 - Load IP Config File for FREERTOS
2021-02-24 21:35:37,381 [INFO] ApiDbMcu:456 - Load IP Config File for TOUCHSENSING
2021-02-24 21:35:37,386 [INFO] ApiDbMcu:456 - Load IP Config File for USB_DEVICE
2021-02-24 21:35:39,481 [INFO] ProjectBuilder:3425 - Time for Generating toolchain IDE Files: 2294mS.
2021-02-24 21:35:39,482 [INFO] ProjectBuilder:2207 - Time for Copy CMSIS : 1mS.
2021-02-24 21:35:39,485 [INFO] ProjectBuilder:2207 - Time for Copy CMSIS : 1mS.
2021-02-24 21:35:39,922 [INFO] ApiDb:263 - Save user favorites file C:\Users\sharm/.stm32cubeide/favorites.mcus.txt: 0 item(s)
2021-02-24 21:35:39,922 [INFO] ApiDb:267 - User favorites MCUs=[]
2021-02-24 21:35:39,923 [INFO] ApiDb:263 - Save user favorites file C:\Users\sharm/.stm32cubeide/favorites.boards.txt: 0 item(s)
2021-02-24 21:35:39,923 [INFO] ApiDb:267 - User favorites Boards=[]
2021-02-24 21:37:28,236 [INFO] UtilMem:74 - End SaveConfig() Used Memory: 583695536 Bytes (795869184)
2021-02-24 21:37:29,083 [INFO] UtilMem:74 - End SaveConfig() Used Memory: 595229872 Bytes (795869184)
2021-02-24 21:37:30,513 [INFO] UtilMem:74 - End SaveConfig() Used Memory: 623541424 Bytes (795869184)
2021-02-24 21:37:30,618 [INFO] BlockDiagram:2735 - set Specific Code input for plugin: NVIC
2021-02-24 21:37:30,618 [INFO] BlockDiagram:2735 - set Specific Code input for plugin: USART
2021-02-24 21:37:30,618 [INFO] BlockDiagram:2735 - set Specific Code input for plugin: SYS
2021-02-24 21:37:30,618 [INFO] BlockDiagram:2735 - set Specific Code input for plugin: GPIO
2021-02-24 21:37:30,618 [INFO] BlockDiagram:2735 - set Specific Code input for plugin: RCC
2021-02-24 21:37:30,619 [INFO] CodeGenerator:639 - code generatio: config db path: C:\ST\STM32CubeIDE_1.5.1\STM32CubeIDE\plugins\com.st.stm32cube.common.mx_6.1.1.202012091304\\db\
2021-02-24 21:37:30,757 [INFO] CodeEngine:229 - oldGeneratedFile, C:\Users\sharm\Documents\GitHub\4DS4-Labs\Lab2\MXTmpFiles\license.tmp_save
2021-02-24 21:37:30,797 [INFO] CodeEngine:247 - Generated code: C:\Users\sharm\Documents\GitHub\4DS4-Labs\Lab2\MXTmpFiles\license.tmp
2021-02-24 21:37:30,833 [INFO] CodeEngine:229 - oldGeneratedFile, C:\Users\sharm\Documents\GitHub\4DS4-Labs\Lab2\MXTmpFiles\gpio.tmp_save
2021-02-24 21:37:30,868 [INFO] CodeEngine:247 - Generated code: C:\Users\sharm\Documents\GitHub\4DS4-Labs\Lab2\MXTmpFiles\gpio.tmp
2021-02-24 21:37:30,910 [INFO] LogOutputStream:76 - [STDOUT_REDIRECT] Command line
2021-02-24 21:37:30,927 [INFO] CodeEngine:229 - oldGeneratedFile, C:\Users\sharm\Documents\GitHub\4DS4-Labs\Lab2\Core\Src\stm32l4xx_it.c_save
2021-02-24 21:37:30,979 [INFO] CodeEngine:247 - Generated code: C:\Users\sharm\Documents\GitHub\4DS4-Labs\Lab2\Core\Src\stm32l4xx_it.c
2021-02-24 21:37:30,984 [INFO] CodeEngine:229 - oldGeneratedFile, C:\Users\sharm\Documents\GitHub\4DS4-Labs\Lab2\Core\Inc\stm32l4xx_it.h_save
2021-02-24 21:37:31,025 [INFO] CodeEngine:247 - Generated code: C:\Users\sharm\Documents\GitHub\4DS4-Labs\Lab2\Core\Inc\stm32l4xx_it.h
2021-02-24 21:37:31,047 [INFO] CodeEngine:229 - oldGeneratedFile, C:\Users\sharm\Documents\GitHub\4DS4-Labs\Lab2\Core\Src\stm32l4xx_hal_msp.c_save
2021-02-24 21:37:31,118 [INFO] CodeEngine:247 - Generated code: C:\Users\sharm\Documents\GitHub\4DS4-Labs\Lab2\Core\Src\stm32l4xx_hal_msp.c
2021-02-24 21:37:31,124 [INFO] CodeEngine:229 - oldGeneratedFile, C:\Users\sharm\Documents\GitHub\4DS4-Labs\Lab2\MXTmpFiles\system.tmp_save
2021-02-24 21:37:31,156 [INFO] CodeEngine:247 - Generated code: C:\Users\sharm\Documents\GitHub\4DS4-Labs\Lab2\MXTmpFiles\system.tmp
2021-02-24 21:37:31,178 [INFO] CodeEngine:229 - oldGeneratedFile, C:\Users\sharm\Documents\GitHub\4DS4-Labs\Lab2\Core\Inc\stm32l4xx_hal_conf.h_save
2021-02-24 21:37:31,234 [INFO] CodeEngine:247 - Generated code: C:\Users\sharm\Documents\GitHub\4DS4-Labs\Lab2\Core\Inc\stm32l4xx_hal_conf.h
2021-02-24 21:37:31,266 [INFO] CodeEngine:229 - oldGeneratedFile, C:\Users\sharm\Documents\GitHub\4DS4-Labs\Lab2\Core\Inc\main.h_save
2021-02-24 21:37:31,319 [INFO] CodeEngine:247 - Generated code: C:\Users\sharm\Documents\GitHub\4DS4-Labs\Lab2\Core\Inc\main.h
2021-02-24 21:37:31,326 [INFO] CodeEngine:229 - oldGeneratedFile, C:\Users\sharm\Documents\GitHub\4DS4-Labs\Lab2\Core\Src\main.c_save
2021-02-24 21:37:31,389 [INFO] CodeEngine:247 - Generated code: C:\Users\sharm\Documents\GitHub\4DS4-Labs\Lab2\Core\Src\main.c
2021-02-24 21:37:31,725 [INFO] ProjectBuilder:2328 - Time for Copy HAL[1] : 76mS.
2021-02-24 21:37:31,728 [INFO] ProjectBuilder:3259 - Project Generator version: 3.11.2
2021-02-24 21:37:31,850 [INFO] ConfigFileManager:1238 - The Die is : DIE435
2021-02-24 21:37:32,582 [INFO] ProjectBuilder:3425 - Time for Generating toolchain IDE Files: 854mS.
2021-02-24 21:37:32,583 [INFO] ProjectBuilder:2207 - Time for Copy CMSIS : 1mS.
2021-02-24 21:37:32,585 [INFO] ProjectBuilder:2207 - Time for Copy CMSIS : 1mS.
2021-02-24 21:41:44,943 [INFO] UtilMem:74 - End SaveConfig() Used Memory: 374298224 Bytes (940572672)
2021-02-24 21:41:45,786 [INFO] UtilMem:74 - End SaveConfig() Used Memory: 386202504 Bytes (940572672)
2021-02-24 21:41:47,175 [INFO] UtilMem:74 - End SaveConfig() Used Memory: 409798832 Bytes (940572672)
2021-02-24 21:41:47,281 [INFO] BlockDiagram:2735 - set Specific Code input for plugin: NVIC
2021-02-24 21:41:47,282 [INFO] BlockDiagram:2735 - set Specific Code input for plugin: USART
2021-02-24 21:41:47,282 [INFO] BlockDiagram:2735 - set Specific Code input for plugin: SYS
2021-02-24 21:41:47,282 [INFO] BlockDiagram:2735 - set Specific Code input for plugin: GPIO
2021-02-24 21:41:47,282 [INFO] BlockDiagram:2735 - set Specific Code input for plugin: RCC
2021-02-24 21:41:47,282 [INFO] CodeGenerator:639 - code generatio: config db path: C:\ST\STM32CubeIDE_1.5.1\STM32CubeIDE\plugins\com.st.stm32cube.common.mx_6.1.1.202012091304\\db\
2021-02-24 21:41:47,383 [INFO] CodeEngine:229 - oldGeneratedFile, C:\Users\sharm\Documents\GitHub\4DS4-Labs\Lab2\MXTmpFiles\license.tmp_save
2021-02-24 21:41:47,416 [INFO] CodeEngine:247 - Generated code: C:\Users\sharm\Documents\GitHub\4DS4-Labs\Lab2\MXTmpFiles\license.tmp
2021-02-24 21:41:47,444 [INFO] CodeEngine:229 - oldGeneratedFile, C:\Users\sharm\Documents\GitHub\4DS4-Labs\Lab2\MXTmpFiles\gpio.tmp_save
2021-02-24 21:41:47,475 [INFO] CodeEngine:247 - Generated code: C:\Users\sharm\Documents\GitHub\4DS4-Labs\Lab2\MXTmpFiles\gpio.tmp
2021-02-24 21:41:47,509 [INFO] LogOutputStream:76 - [STDOUT_REDIRECT] Command line
2021-02-24 21:41:47,528 [INFO] CodeEngine:229 - oldGeneratedFile, C:\Users\sharm\Documents\GitHub\4DS4-Labs\Lab2\Core\Src\stm32l4xx_it.c_save
2021-02-24 21:41:47,574 [INFO] CodeEngine:247 - Generated code: C:\Users\sharm\Documents\GitHub\4DS4-Labs\Lab2\Core\Src\stm32l4xx_it.c
2021-02-24 21:41:47,579 [INFO] CodeEngine:229 - oldGeneratedFile, C:\Users\sharm\Documents\GitHub\4DS4-Labs\Lab2\Core\Inc\stm32l4xx_it.h_save
2021-02-24 21:41:47,617 [INFO] CodeEngine:247 - Generated code: C:\Users\sharm\Documents\GitHub\4DS4-Labs\Lab2\Core\Inc\stm32l4xx_it.h
2021-02-24 21:41:47,638 [INFO] CodeEngine:229 - oldGeneratedFile, C:\Users\sharm\Documents\GitHub\4DS4-Labs\Lab2\Core\Src\stm32l4xx_hal_msp.c_save
2021-02-24 21:41:47,704 [INFO] CodeEngine:247 - Generated code: C:\Users\sharm\Documents\GitHub\4DS4-Labs\Lab2\Core\Src\stm32l4xx_hal_msp.c
2021-02-24 21:41:47,711 [INFO] CodeEngine:229 - oldGeneratedFile, C:\Users\sharm\Documents\GitHub\4DS4-Labs\Lab2\MXTmpFiles\system.tmp_save
2021-02-24 21:41:47,740 [INFO] CodeEngine:247 - Generated code: C:\Users\sharm\Documents\GitHub\4DS4-Labs\Lab2\MXTmpFiles\system.tmp
2021-02-24 21:41:47,761 [INFO] CodeEngine:229 - oldGeneratedFile, C:\Users\sharm\Documents\GitHub\4DS4-Labs\Lab2\Core\Inc\stm32l4xx_hal_conf.h_save
2021-02-24 21:41:47,814 [INFO] CodeEngine:247 - Generated code: C:\Users\sharm\Documents\GitHub\4DS4-Labs\Lab2\Core\Inc\stm32l4xx_hal_conf.h
2021-02-24 21:41:47,843 [INFO] CodeEngine:229 - oldGeneratedFile, C:\Users\sharm\Documents\GitHub\4DS4-Labs\Lab2\Core\Inc\main.h_save
2021-02-24 21:41:47,895 [INFO] CodeEngine:247 - Generated code: C:\Users\sharm\Documents\GitHub\4DS4-Labs\Lab2\Core\Inc\main.h
2021-02-24 21:41:47,903 [INFO] CodeEngine:229 - oldGeneratedFile, C:\Users\sharm\Documents\GitHub\4DS4-Labs\Lab2\Core\Src\main.c_save
2021-02-24 21:41:47,959 [INFO] CodeEngine:247 - Generated code: C:\Users\sharm\Documents\GitHub\4DS4-Labs\Lab2\Core\Src\main.c
2021-02-24 21:41:48,301 [INFO] ProjectBuilder:2328 - Time for Copy HAL[1] : 76mS.
2021-02-24 21:41:48,304 [INFO] ProjectBuilder:3259 - Project Generator version: 3.11.2
2021-02-24 21:41:48,436 [INFO] ConfigFileManager:1238 - The Die is : DIE435
2021-02-24 21:41:49,281 [INFO] ProjectBuilder:3425 - Time for Generating toolchain IDE Files: 977mS.
2021-02-24 21:41:49,282 [INFO] ProjectBuilder:2207 - Time for Copy CMSIS : 1mS.
2021-02-24 21:41:49,284 [INFO] ProjectBuilder:2207 - Time for Copy CMSIS : 0mS.
2021-02-24 21:44:04,526 [INFO] UtilMem:74 - End SaveConfig() Used Memory: 811450688 Bytes (1073741824)
2021-02-24 21:44:05,273 [INFO] UtilMem:74 - End SaveConfig() Used Memory: 820887872 Bytes (1073741824)
2021-02-24 21:44:06,895 [INFO] UtilMem:74 - End SaveConfig() Used Memory: 891917888 Bytes (1073741824)
2021-02-24 21:44:07,013 [INFO] BlockDiagram:2735 - set Specific Code input for plugin: NVIC
2021-02-24 21:44:07,013 [INFO] BlockDiagram:2735 - set Specific Code input for plugin: USART
2021-02-24 21:44:07,013 [INFO] BlockDiagram:2735 - set Specific Code input for plugin: TIM1_8L4
2021-02-24 21:44:07,013 [INFO] BlockDiagram:2735 - set Specific Code input for plugin: SYS
2021-02-24 21:44:07,014 [INFO] BlockDiagram:2735 - set Specific Code input for plugin: GPIO
2021-02-24 21:44:07,014 [INFO] BlockDiagram:2735 - set Specific Code input for plugin: RCC
2021-02-24 21:44:07,014 [INFO] CodeGenerator:639 - code generatio: config db path: C:\ST\STM32CubeIDE_1.5.1\STM32CubeIDE\plugins\com.st.stm32cube.common.mx_6.1.1.202012091304\\db\
2021-02-24 21:44:07,112 [INFO] CodeEngine:229 - oldGeneratedFile, C:\Users\sharm\Documents\GitHub\4DS4-Labs\Lab2\MXTmpFiles\license.tmp_save
2021-02-24 21:44:07,146 [INFO] CodeEngine:247 - Generated code: C:\Users\sharm\Documents\GitHub\4DS4-Labs\Lab2\MXTmpFiles\license.tmp
2021-02-24 21:44:07,174 [INFO] CodeEngine:229 - oldGeneratedFile, C:\Users\sharm\Documents\GitHub\4DS4-Labs\Lab2\MXTmpFiles\gpio.tmp_save
2021-02-24 21:44:07,205 [INFO] CodeEngine:247 - Generated code: C:\Users\sharm\Documents\GitHub\4DS4-Labs\Lab2\MXTmpFiles\gpio.tmp
2021-02-24 21:44:07,277 [INFO] LogOutputStream:76 - [STDOUT_REDIRECT] Command line
2021-02-24 21:44:07,277 [INFO] LogOutputStream:76 - [STDOUT_REDIRECT] Command line
2021-02-24 21:44:07,295 [INFO] CodeEngine:229 - oldGeneratedFile, C:\Users\sharm\Documents\GitHub\4DS4-Labs\Lab2\Core\Src\stm32l4xx_it.c_save
2021-02-24 21:44:07,342 [INFO] CodeEngine:247 - Generated code: C:\Users\sharm\Documents\GitHub\4DS4-Labs\Lab2\Core\Src\stm32l4xx_it.c
2021-02-24 21:44:07,347 [INFO] CodeEngine:229 - oldGeneratedFile, C:\Users\sharm\Documents\GitHub\4DS4-Labs\Lab2\Core\Inc\stm32l4xx_it.h_save
2021-02-24 21:44:07,384 [INFO] CodeEngine:247 - Generated code: C:\Users\sharm\Documents\GitHub\4DS4-Labs\Lab2\Core\Inc\stm32l4xx_it.h
2021-02-24 21:44:07,405 [INFO] CodeEngine:229 - oldGeneratedFile, C:\Users\sharm\Documents\GitHub\4DS4-Labs\Lab2\Core\Src\stm32l4xx_hal_msp.c_save
2021-02-24 21:44:07,473 [INFO] CodeEngine:247 - Generated code: C:\Users\sharm\Documents\GitHub\4DS4-Labs\Lab2\Core\Src\stm32l4xx_hal_msp.c
2021-02-24 21:44:07,479 [INFO] CodeEngine:229 - oldGeneratedFile, C:\Users\sharm\Documents\GitHub\4DS4-Labs\Lab2\MXTmpFiles\system.tmp_save
2021-02-24 21:44:07,507 [INFO] CodeEngine:247 - Generated code: C:\Users\sharm\Documents\GitHub\4DS4-Labs\Lab2\MXTmpFiles\system.tmp
2021-02-24 21:44:07,526 [INFO] CodeEngine:229 - oldGeneratedFile, C:\Users\sharm\Documents\GitHub\4DS4-Labs\Lab2\Core\Inc\stm32l4xx_hal_conf.h_save
2021-02-24 21:44:07,579 [INFO] CodeEngine:247 - Generated code: C:\Users\sharm\Documents\GitHub\4DS4-Labs\Lab2\Core\Inc\stm32l4xx_hal_conf.h
2021-02-24 21:44:07,594 [WARN] IPConfigManager:2967 - IP not found : TIM
2021-02-24 21:44:07,595 [WARN] CodeGenerator:3177 - IP not found : null
2021-02-24 21:44:07,609 [INFO] CodeEngine:229 - oldGeneratedFile, C:\Users\sharm\Documents\GitHub\4DS4-Labs\Lab2\Core\Inc\main.h_save
2021-02-24 21:44:07,659 [INFO] CodeEngine:247 - Generated code: C:\Users\sharm\Documents\GitHub\4DS4-Labs\Lab2\Core\Inc\main.h
2021-02-24 21:44:07,664 [INFO] CodeEngine:229 - oldGeneratedFile, C:\Users\sharm\Documents\GitHub\4DS4-Labs\Lab2\Core\Src\main.c_save
2021-02-24 21:44:07,724 [INFO] CodeEngine:247 - Generated code: C:\Users\sharm\Documents\GitHub\4DS4-Labs\Lab2\Core\Src\main.c
2021-02-24 21:44:08,002 [INFO] ProjectBuilder:2328 - Time for Copy HAL[1] : 78mS.
2021-02-24 21:44:08,005 [INFO] ProjectBuilder:3259 - Project Generator version: 3.11.2
2021-02-24 21:44:08,415 [INFO] ConfigFileManager:1238 - The Die is : DIE435
2021-02-24 21:44:09,061 [INFO] ProjectBuilder:3425 - Time for Generating toolchain IDE Files: 1056mS.
2021-02-24 21:44:09,062 [INFO] ProjectBuilder:2207 - Time for Copy CMSIS : 0mS.
2021-02-24 21:44:09,064 [INFO] ProjectBuilder:2207 - Time for Copy CMSIS : 0mS.
